<?xml version="1.0" encoding="utf-8" standalone="no"?>
<test-results xmlns:xsi="http://www.w3.org/2001/XMLSchema-instance" xsi:noNamespaceSchemaLocation="nunit_schema_2.5.xsd" name="Pester" total="225" errors="0" failures="22" not-run="0" inconclusive="0" ignored="0" skipped="2" invalid="0" date="2022-08-14" time="21:49:49">
  <environment user="Owner" platform="Microsoft Windows 10 Pro|C:\WINDOWS|\Device\Harddisk0\Partition2" cwd="E:\Owner\Documents\Google Drive\Programs\Scripts\PowerShell\PsRunspace\tests" user-domain="JLA-LoftHTPC" clr-version="Unknown" os-version="10.0.19044" nunit-version="2.5.8.0" machine-name="JLA-LOFTHTPC" />
  <culture-info current-culture="en-US" current-uiculture="en-US" />
  <test-suite type="TestFixture" name="Pester" executed="True" result="Failure" success="False" time="5.322" asserts="0" description="Pester">
    <results>
      <test-suite type="TestFixture" name="E:\Owner\Documents\Google Drive\Programs\Scripts\PowerShell\PsRunspace\tests\Function.tests.ps1" executed="True" result="Success" success="True" time="1.356" asserts="0" description="E:\Owner\Documents\Google Drive\Programs\Scripts\PowerShell\PsRunspace\tests\Function.tests.ps1">
        <results>
          <test-suite type="TestFixture" name="function 'Add-PsCommand.ps1'" executed="True" result="Success" success="True" time="0.2921" asserts="0" description="function 'Add-PsCommand.ps1'">
            <results>
              <test-suite type="ParameterizedTest" name="function 'Add-PsCommand.ps1'.can be tokenized by the PowerShell parser without any errors" executed="True" result="Success" success="True" time="0.1688" asserts="0" description="can be tokenized by the PowerShell parser without any errors">
                <results>
                  <test-case description="can be tokenized by the PowerShell parser without any errors" name="function 'Add-PsCommand.ps1'.can be tokenized by the PowerShell parser without any errors(&quot;E:\Owner\Documents\Google Drive\Programs\Scripts\PowerShell\PsRunspace\src\functions\public\Add-PsCommand.ps1&quot;)" time="0.1688" asserts="0" success="True" result="Success" executed="True" />
                </results>
              </test-suite>
              <test-suite type="ParameterizedTest" name="function 'Add-PsCommand.ps1'.runs without throwing errors" executed="True" result="Success" success="True" time="0.0589" asserts="0" description="runs without throwing errors">
                <results>
                  <test-case description="runs without throwing errors" name="function 'Add-PsCommand.ps1'.runs without throwing errors(&quot;E:\Owner\Documents\Google Drive\Programs\Scripts\PowerShell\PsRunspace\src\functions\public\Add-PsCommand.ps1&quot;)" time="0.0589" asserts="0" success="True" result="Success" executed="True" />
                </results>
              </test-suite>
            </results>
          </test-suite>
          <test-suite type="TestFixture" name="function 'Add-PsModule.ps1'" executed="True" result="Success" success="True" time="0.369" asserts="0" description="function 'Add-PsModule.ps1'">
            <results>
              <test-suite type="ParameterizedTest" name="function 'Add-PsModule.ps1'.can be tokenized by the PowerShell parser without any errors" executed="True" result="Success" success="True" time="0.0424" asserts="0" description="can be tokenized by the PowerShell parser without any errors">
                <results>
                  <test-case description="can be tokenized by the PowerShell parser without any errors" name="function 'Add-PsModule.ps1'.can be tokenized by the PowerShell parser without any errors(&quot;E:\Owner\Documents\Google Drive\Programs\Scripts\PowerShell\PsRunspace\src\functions\public\Add-PsModule.ps1&quot;)" time="0.0424" asserts="0" success="True" result="Success" executed="True" />
                </results>
              </test-suite>
              <test-suite type="ParameterizedTest" name="function 'Add-PsModule.ps1'.runs without throwing errors" executed="True" result="Success" success="True" time="0.0282" asserts="0" description="runs without throwing errors">
                <results>
                  <test-case description="runs without throwing errors" name="function 'Add-PsModule.ps1'.runs without throwing errors(&quot;E:\Owner\Documents\Google Drive\Programs\Scripts\PowerShell\PsRunspace\src\functions\public\Add-PsModule.ps1&quot;)" time="0.0282" asserts="0" success="True" result="Success" executed="True" />
                </results>
              </test-suite>
            </results>
          </test-suite>
          <test-suite type="TestFixture" name="function 'Convert-FromPsCommandInfoToString.ps1'" executed="True" result="Success" success="True" time="0.4096" asserts="0" description="function 'Convert-FromPsCommandInfoToString.ps1'">
            <results>
              <test-suite type="ParameterizedTest" name="function 'Convert-FromPsCommandInfoToString.ps1'.can be tokenized by the PowerShell parser without any errors" executed="True" result="Success" success="True" time="0.0105" asserts="0" description="can be tokenized by the PowerShell parser without any errors">
                <results>
                  <test-case description="can be tokenized by the PowerShell parser without any errors" name="function 'Convert-FromPsCommandInfoToString.ps1'.can be tokenized by the PowerShell parser without any errors(&quot;E:\Owner\Documents\Google Drive\Programs\Scripts\PowerShell\PsRunspace\src\functions\public\Convert-FromPsCommandInfoToString.ps1&quot;)" time="0.0105" asserts="0" success="True" result="Success" executed="True" />
                </results>
              </test-suite>
              <test-suite type="ParameterizedTest" name="function 'Convert-FromPsCommandInfoToString.ps1'.runs without throwing errors" executed="True" result="Success" success="True" time="0.0228" asserts="0" description="runs without throwing errors">
                <results>
                  <test-case description="runs without throwing errors" name="function 'Convert-FromPsCommandInfoToString.ps1'.runs without throwing errors(&quot;E:\Owner\Documents\Google Drive\Programs\Scripts\PowerShell\PsRunspace\src\functions\public\Convert-FromPsCommandInfoToString.ps1&quot;)" time="0.0228" asserts="0" success="True" result="Success" executed="True" />
                </results>
              </test-suite>
            </results>
          </test-suite>
          <test-suite type="TestFixture" name="function 'Expand-PsCommandInfo.ps1'" executed="True" result="Success" success="True" time="0.5217" asserts="0" description="function 'Expand-PsCommandInfo.ps1'">
            <results>
              <test-suite type="ParameterizedTest" name="function 'Expand-PsCommandInfo.ps1'.can be tokenized by the PowerShell parser without any errors" executed="True" result="Success" success="True" time="0.0596" asserts="0" description="can be tokenized by the PowerShell parser without any errors">
                <results>
                  <test-case description="can be tokenized by the PowerShell parser without any errors" name="function 'Expand-PsCommandInfo.ps1'.can be tokenized by the PowerShell parser without any errors(&quot;E:\Owner\Documents\Google Drive\Programs\Scripts\PowerShell\PsRunspace\src\functions\public\Expand-PsCommandInfo.ps1&quot;)" time="0.0596" asserts="0" success="True" result="Success" executed="True" />
                </results>
              </test-suite>
              <test-suite type="ParameterizedTest" name="function 'Expand-PsCommandInfo.ps1'.runs without throwing errors" executed="True" result="Success" success="True" time="0.0484" asserts="0" description="runs without throwing errors">
                <results>
                  <test-case description="runs without throwing errors" name="function 'Expand-PsCommandInfo.ps1'.runs without throwing errors(&quot;E:\Owner\Documents\Google Drive\Programs\Scripts\PowerShell\PsRunspace\src\functions\public\Expand-PsCommandInfo.ps1&quot;)" time="0.0484" asserts="0" success="True" result="Success" executed="True" />
                </results>
              </test-suite>
            </results>
          </test-suite>
          <test-suite type="TestFixture" name="function 'Expand-PsToken.ps1'" executed="True" result="Success" success="True" time="0.6003" asserts="0" description="function 'Expand-PsToken.ps1'">
            <results>
              <test-suite type="ParameterizedTest" name="function 'Expand-PsToken.ps1'.can be tokenized by the PowerShell parser without any errors" executed="True" result="Success" success="True" time="0.0464" asserts="0" description="can be tokenized by the PowerShell parser without any errors">
                <results>
                  <test-case description="can be tokenized by the PowerShell parser without any errors" name="function 'Expand-PsToken.ps1'.can be tokenized by the PowerShell parser without any errors(&quot;E:\Owner\Documents\Google Drive\Programs\Scripts\PowerShell\PsRunspace\src\functions\public\Expand-PsToken.ps1&quot;)" time="0.0464" asserts="0" success="True" result="Success" executed="True" />
                </results>
              </test-suite>
              <test-suite type="ParameterizedTest" name="function 'Expand-PsToken.ps1'.runs without throwing errors" executed="True" result="Success" success="True" time="0.023" asserts="0" description="runs without throwing errors">
                <results>
                  <test-case description="runs without throwing errors" name="function 'Expand-PsToken.ps1'.runs without throwing errors(&quot;E:\Owner\Documents\Google Drive\Programs\Scripts\PowerShell\PsRunspace\src\functions\public\Expand-PsToken.ps1&quot;)" time="0.023" asserts="0" success="True" result="Success" executed="True" />
                </results>
              </test-suite>
            </results>
          </test-suite>
          <test-suite type="TestFixture" name="function 'Get-PsCommandInfo.ps1'" executed="True" result="Success" success="True" time="0.6714" asserts="0" description="function 'Get-PsCommandInfo.ps1'">
            <results>
              <test-suite type="ParameterizedTest" name="function 'Get-PsCommandInfo.ps1'.can be tokenized by the PowerShell parser without any errors" executed="True" result="Success" success="True" time="0.0138" asserts="0" description="can be tokenized by the PowerShell parser without any errors">
                <results>
                  <test-case description="can be tokenized by the PowerShell parser without any errors" name="function 'Get-PsCommandInfo.ps1'.can be tokenized by the PowerShell parser without any errors(&quot;E:\Owner\Documents\Google Drive\Programs\Scripts\PowerShell\PsRunspace\src\functions\public\Get-PsCommandInfo.ps1&quot;)" time="0.0138" asserts="0" success="True" result="Success" executed="True" />
                </results>
              </test-suite>
              <test-suite type="ParameterizedTest" name="function 'Get-PsCommandInfo.ps1'.runs without throwing errors" executed="True" result="Success" success="True" time="0.0369" asserts="0" description="runs without throwing errors">
                <results>
                  <test-case description="runs without throwing errors" name="function 'Get-PsCommandInfo.ps1'.runs without throwing errors(&quot;E:\Owner\Documents\Google Drive\Programs\Scripts\PowerShell\PsRunspace\src\functions\public\Get-PsCommandInfo.ps1&quot;)" time="0.0369" asserts="0" success="True" result="Success" executed="True" />
                </results>
              </test-suite>
            </results>
          </test-suite>
          <test-suite type="TestFixture" name="function 'Open-Thread.ps1'" executed="True" result="Success" success="True" time="0.7315" asserts="0" description="function 'Open-Thread.ps1'">
            <results>
              <test-suite type="ParameterizedTest" name="function 'Open-Thread.ps1'.can be tokenized by the PowerShell parser without any errors" executed="True" result="Success" success="True" time="0.0137" asserts="0" description="can be tokenized by the PowerShell parser without any errors">
                <results>
                  <test-case description="can be tokenized by the PowerShell parser without any errors" name="function 'Open-Thread.ps1'.can be tokenized by the PowerShell parser without any errors(&quot;E:\Owner\Documents\Google Drive\Programs\Scripts\PowerShell\PsRunspace\src\functions\public\Open-Thread.ps1&quot;)" time="0.0137" asserts="0" success="True" result="Success" executed="True" />
                </results>
              </test-suite>
              <test-suite type="ParameterizedTest" name="function 'Open-Thread.ps1'.runs without throwing errors" executed="True" result="Success" success="True" time="0.0317" asserts="0" description="runs without throwing errors">
                <results>
                  <test-case description="runs without throwing errors" name="function 'Open-Thread.ps1'.runs without throwing errors(&quot;E:\Owner\Documents\Google Drive\Programs\Scripts\PowerShell\PsRunspace\src\functions\public\Open-Thread.ps1&quot;)" time="0.0317" asserts="0" success="True" result="Success" executed="True" />
                </results>
              </test-suite>
            </results>
          </test-suite>
          <test-suite type="TestFixture" name="function 'Split-Thread.ps1'" executed="True" result="Success" success="True" time="0.7888" asserts="0" description="function 'Split-Thread.ps1'">
            <results>
              <test-suite type="ParameterizedTest" name="function 'Split-Thread.ps1'.can be tokenized by the PowerShell parser without any errors" executed="True" result="Success" success="True" time="0.0089" asserts="0" description="can be tokenized by the PowerShell parser without any errors">
                <results>
                  <test-case description="can be tokenized by the PowerShell parser without any errors" name="function 'Split-Thread.ps1'.can be tokenized by the PowerShell parser without any errors(&quot;E:\Owner\Documents\Google Drive\Programs\Scripts\PowerShell\PsRunspace\src\functions\public\Split-Thread.ps1&quot;)" time="0.0089" asserts="0" success="True" result="Success" executed="True" />
                </results>
              </test-suite>
              <test-suite type="ParameterizedTest" name="function 'Split-Thread.ps1'.runs without throwing errors" executed="True" result="Success" success="True" time="0.0394" asserts="0" description="runs without throwing errors">
                <results>
                  <test-case description="runs without throwing errors" name="function 'Split-Thread.ps1'.runs without throwing errors(&quot;E:\Owner\Documents\Google Drive\Programs\Scripts\PowerShell\PsRunspace\src\functions\public\Split-Thread.ps1&quot;)" time="0.0394" asserts="0" success="True" result="Success" executed="True" />
                </results>
              </test-suite>
            </results>
          </test-suite>
          <test-suite type="TestFixture" name="function 'Wait-Thread.ps1'" executed="True" result="Success" success="True" time="0.8758" asserts="0" description="function 'Wait-Thread.ps1'">
            <results>
              <test-suite type="ParameterizedTest" name="function 'Wait-Thread.ps1'.can be tokenized by the PowerShell parser without any errors" executed="True" result="Success" success="True" time="0.0334" asserts="0" description="can be tokenized by the PowerShell parser without any errors">
                <results>
                  <test-case description="can be tokenized by the PowerShell parser without any errors" name="function 'Wait-Thread.ps1'.can be tokenized by the PowerShell parser without any errors(&quot;E:\Owner\Documents\Google Drive\Programs\Scripts\PowerShell\PsRunspace\src\functions\public\Wait-Thread.ps1&quot;)" time="0.0334" asserts="0" success="True" result="Success" executed="True" />
                </results>
              </test-suite>
              <test-suite type="ParameterizedTest" name="function 'Wait-Thread.ps1'.runs without throwing errors" executed="True" result="Success" success="True" time="0.0428" asserts="0" description="runs without throwing errors">
                <results>
                  <test-case description="runs without throwing errors" name="function 'Wait-Thread.ps1'.runs without throwing errors(&quot;E:\Owner\Documents\Google Drive\Programs\Scripts\PowerShell\PsRunspace\src\functions\public\Wait-Thread.ps1&quot;)" time="0.0428" asserts="0" success="True" result="Success" executed="True" />
                </results>
              </test-suite>
            </results>
          </test-suite>
        </results>
      </test-suite>
      <test-suite type="TestFixture" name="E:\Owner\Documents\Google Drive\Programs\Scripts\PowerShell\PsRunspace\tests\Help.tests.ps1" executed="True" result="Failure" success="False" time="2.9191" asserts="0" description="E:\Owner\Documents\Google Drive\Programs\Scripts\PowerShell\PsRunspace\tests\Help.tests.ps1">
        <results>
          <test-suite type="TestFixture" name="help for Add-PsCommand" executed="True" result="Failure" success="False" time="0.5377" asserts="0" description="help for Add-PsCommand">
            <results>
              <test-suite type="TestFixture" name="help for Add-PsCommand.- Help for parameter 'Command'" executed="True" result="Success" success="True" time="0.1602" asserts="0" description="help for Add-PsCommand.- Help for parameter 'Command'">
                <results>
                  <test-case description="has a description" name="help for Add-PsCommand.- Help for parameter 'Command'.has a description" time="0.0325" asserts="0" success="True" result="Success" executed="True" />
                  <test-case description="has the correct [mandatory] value" name="help for Add-PsCommand.- Help for parameter 'Command'.has the correct [mandatory] value" time="0.0106" asserts="0" success="True" result="Success" executed="True" />
                  <test-case description="has the correct parameter type" name="help for Add-PsCommand.- Help for parameter 'Command'.has the correct parameter type" time="0.0259" asserts="0" success="True" result="Success" executed="True" />
                </results>
              </test-suite>
              <test-suite type="TestFixture" name="help for Add-PsCommand.- Help for parameter 'CommandInfo'" executed="True" result="Success" success="True" time="0.222" asserts="0" description="help for Add-PsCommand.- Help for parameter 'CommandInfo'">
                <results>
                  <test-case description="has a description" name="help for Add-PsCommand.- Help for parameter 'CommandInfo'.has a description" time="0.0135" asserts="0" success="True" result="Success" executed="True" />
                  <test-case description="has the correct [mandatory] value" name="help for Add-PsCommand.- Help for parameter 'CommandInfo'.has the correct [mandatory] value" time="0.0062" asserts="0" success="True" result="Success" executed="True" />
                  <test-case description="has the correct parameter type" name="help for Add-PsCommand.- Help for parameter 'CommandInfo'.has the correct parameter type" time="0.0087" asserts="0" success="True" result="Success" executed="True" />
                </results>
              </test-suite>
              <test-suite type="TestFixture" name="help for Add-PsCommand.- Help for parameter 'DebugOutputStream'" executed="True" result="Success" success="True" time="0.2447" asserts="0" description="help for Add-PsCommand.- Help for parameter 'DebugOutputStream'">
                <results>
                  <test-case description="has a description" name="help for Add-PsCommand.- Help for parameter 'DebugOutputStream'.has a description" time="0.0076" asserts="0" success="True" result="Success" executed="True" />
                  <test-case description="has the correct [mandatory] value" name="help for Add-PsCommand.- Help for parameter 'DebugOutputStream'.has the correct [mandatory] value" time="0.0043" asserts="0" success="True" result="Success" executed="True" />
                  <test-case description="has the correct parameter type" name="help for Add-PsCommand.- Help for parameter 'DebugOutputStream'.has the correct parameter type" time="0.0038" asserts="0" success="True" result="Success" executed="True" />
                </results>
              </test-suite>
              <test-suite type="TestFixture" name="help for Add-PsCommand.- Help for parameter 'Force'" executed="True" result="Success" success="True" time="0.331" asserts="0" description="help for Add-PsCommand.- Help for parameter 'Force'">
                <results>
                  <test-case description="has a description" name="help for Add-PsCommand.- Help for parameter 'Force'.has a description" time="0.0076" asserts="0" success="True" result="Success" executed="True" />
                  <test-case description="has the correct [mandatory] value" name="help for Add-PsCommand.- Help for parameter 'Force'.has the correct [mandatory] value" time="0.0555" asserts="0" success="True" result="Success" executed="True" />
                  <test-case description="has the correct parameter type" name="help for Add-PsCommand.- Help for parameter 'Force'.has the correct parameter type" time="0.0163" asserts="0" success="True" result="Success" executed="True" />
                </results>
              </test-suite>
              <test-suite type="TestFixture" name="help for Add-PsCommand.- Help for parameter 'PowershellInterface'" executed="True" result="Success" success="True" time="0.3627" asserts="0" description="help for Add-PsCommand.- Help for parameter 'PowershellInterface'">
                <results>
                  <test-case description="has a description" name="help for Add-PsCommand.- Help for parameter 'PowershellInterface'.has a description" time="0.0067" asserts="0" success="True" result="Success" executed="True" />
                  <test-case description="has the correct [mandatory] value" name="help for Add-PsCommand.- Help for parameter 'PowershellInterface'.has the correct [mandatory] value" time="0.0062" asserts="0" success="True" result="Success" executed="True" />
                  <test-case description="has the correct parameter type" name="help for Add-PsCommand.- Help for parameter 'PowershellInterface'.has the correct parameter type" time="0.0115" asserts="0" success="True" result="Success" executed="True" />
                </results>
              </test-suite>
              <test-suite type="TestFixture" name="help for Add-PsCommand.- Help for parameter 'TodaysHostname'" executed="True" result="Failure" success="False" time="0.5104" asserts="0" description="help for Add-PsCommand.- Help for parameter 'TodaysHostname'">
                <results>
                  <test-case description="has a description" name="help for Add-PsCommand.- Help for parameter 'TodaysHostname'.has a description" time="0.1256" asserts="0" success="False" result="Failure" executed="True">
                    <failure>
                      <message>Expected a value, but got $null or empty.</message>
                      <stack-trace>at $parameterHelp.Description.Text | Should -Not -BeNullOrEmpty, E:\Owner\Documents\Google Drive\Programs\Scripts\PowerShell\PsRunspace\tests\Help.tests.ps1:103
at &lt;ScriptBlock&gt;, E:\Owner\Documents\Google Drive\Programs\Scripts\PowerShell\PsRunspace\tests\Help.tests.ps1:103</stack-trace>
                    </failure>
                  </test-case>
                  <test-case description="has the correct [mandatory] value" name="help for Add-PsCommand.- Help for parameter 'TodaysHostname'.has the correct [mandatory] value" time="0.0042" asserts="0" success="True" result="Success" executed="True" />
                  <test-case description="has the correct parameter type" name="help for Add-PsCommand.- Help for parameter 'TodaysHostname'.has the correct parameter type" time="0.0076" asserts="0" success="True" result="Success" executed="True" />
                </results>
              </test-suite>
              <test-case description="is not auto-generated" name="help for Add-PsCommand.is not auto-generated" time="0.0116" asserts="0" success="True" result="Success" executed="True" />
              <test-case description="has a description" name="help for Add-PsCommand.has a description" time="0.0225" asserts="0" success="True" result="Success" executed="True" />
              <test-case description="has example code" name="help for Add-PsCommand.has example code" time="0.022" asserts="0" success="True" result="Success" executed="True" />
              <test-case description="has example help" name="help for Add-PsCommand.has example help" time="0.0069" asserts="0" success="True" result="Success" executed="True" />
            </results>
          </test-suite>
          <test-suite type="TestFixture" name="help for Add-PsModule" executed="True" result="Failure" success="False" time="0.7063" asserts="0" description="help for Add-PsModule">
            <results>
              <test-suite type="TestFixture" name="help for Add-PsModule.- Help for parameter 'DebugOutputStream'" executed="True" result="Success" success="True" time="0.0574" asserts="0" description="help for Add-PsModule.- Help for parameter 'DebugOutputStream'">
                <results>
                  <test-case description="has a description" name="help for Add-PsModule.- Help for parameter 'DebugOutputStream'.has a description" time="0.006" asserts="0" success="True" result="Success" executed="True" />
                  <test-case description="has the correct [mandatory] value" name="help for Add-PsModule.- Help for parameter 'DebugOutputStream'.has the correct [mandatory] value" time="0.0033" asserts="0" success="True" result="Success" executed="True" />
                  <test-case description="has the correct parameter type" name="help for Add-PsModule.- Help for parameter 'DebugOutputStream'.has the correct parameter type" time="0.0044" asserts="0" success="True" result="Success" executed="True" />
                </results>
              </test-suite>
              <test-suite type="TestFixture" name="help for Add-PsModule.- Help for parameter 'InitialSessionState'" executed="True" result="Success" success="True" time="0.0848" asserts="0" description="help for Add-PsModule.- Help for parameter 'InitialSessionState'">
                <results>
                  <test-case description="has a description" name="help for Add-PsModule.- Help for parameter 'InitialSessionState'.has a description" time="0.0041" asserts="0" success="True" result="Success" executed="True" />
                  <test-case description="has the correct [mandatory] value" name="help for Add-PsModule.- Help for parameter 'InitialSessionState'.has the correct [mandatory] value" time="0.0133" asserts="0" success="True" result="Success" executed="True" />
                  <test-case description="has the correct parameter type" name="help for Add-PsModule.- Help for parameter 'InitialSessionState'.has the correct parameter type" time="0.0051" asserts="0" success="True" result="Success" executed="True" />
                </results>
              </test-suite>
              <test-suite type="TestFixture" name="help for Add-PsModule.- Help for parameter 'ModuleInfo'" executed="True" result="Success" success="True" time="0.1209" asserts="0" description="help for Add-PsModule.- Help for parameter 'ModuleInfo'">
                <results>
                  <test-case description="has a description" name="help for Add-PsModule.- Help for parameter 'ModuleInfo'.has a description" time="0.0046" asserts="0" success="True" result="Success" executed="True" />
                  <test-case description="has the correct [mandatory] value" name="help for Add-PsModule.- Help for parameter 'ModuleInfo'.has the correct [mandatory] value" time="0.0065" asserts="0" success="True" result="Success" executed="True" />
                  <test-case description="has the correct parameter type" name="help for Add-PsModule.- Help for parameter 'ModuleInfo'.has the correct parameter type" time="0.0086" asserts="0" success="True" result="Success" executed="True" />
                </results>
              </test-suite>
              <test-suite type="TestFixture" name="help for Add-PsModule.- Help for parameter 'TodaysHostname'" executed="True" result="Failure" success="False" time="0.1495" asserts="0" description="help for Add-PsModule.- Help for parameter 'TodaysHostname'">
                <results>
                  <test-case description="has a description" name="help for Add-PsModule.- Help for parameter 'TodaysHostname'.has a description" time="0.0072" asserts="0" success="False" result="Failure" executed="True">
                    <failure>
                      <message>Expected a value, but got $null or empty.</message>
                      <stack-trace>at $parameterHelp.Description.Text | Should -Not -BeNullOrEmpty, E:\Owner\Documents\Google Drive\Programs\Scripts\PowerShell\PsRunspace\tests\Help.tests.ps1:103
at &lt;ScriptBlock&gt;, E:\Owner\Documents\Google Drive\Programs\Scripts\PowerShell\PsRunspace\tests\Help.tests.ps1:103</stack-trace>
                    </failure>
                  </test-case>
                  <test-case description="has the correct [mandatory] value" name="help for Add-PsModule.- Help for parameter 'TodaysHostname'.has the correct [mandatory] value" time="0.0088" asserts="0" success="True" result="Success" executed="True" />
                  <test-case description="has the correct parameter type" name="help for Add-PsModule.- Help for parameter 'TodaysHostname'.has the correct parameter type" time="0.007" asserts="0" success="True" result="Success" executed="True" />
                </results>
              </test-suite>
              <test-case description="is not auto-generated" name="help for Add-PsModule.is not auto-generated" time="0.0154" asserts="0" success="True" result="Success" executed="True" />
              <test-case description="has a description" name="help for Add-PsModule.has a description" time="0.003" asserts="0" success="True" result="Success" executed="True" />
              <test-case description="has example code" name="help for Add-PsModule.has example code" time="0.0102" asserts="0" success="True" result="Success" executed="True" />
              <test-case description="has example help" name="help for Add-PsModule.has example help" time="0.0096" asserts="0" success="False" result="Failure" executed="True">
                <failure>
                  <message>Expected a value, but got $null or empty.</message>
                  <stack-trace>at ($commandHelp.Examples.Example.Remarks | Select-Object -First 1).Text | Should -Not -BeNullOrEmpty, E:\Owner\Documents\Google Drive\Programs\Scripts\PowerShell\PsRunspace\tests\Help.tests.ps1:85
at &lt;ScriptBlock&gt;, E:\Owner\Documents\Google Drive\Programs\Scripts\PowerShell\PsRunspace\tests\Help.tests.ps1:85</stack-trace>
                </failure>
              </test-case>
            </results>
          </test-suite>
          <test-suite type="TestFixture" name="help for Convert-FromPsCommandInfoToString" executed="True" result="Failure" success="False" time="0.8886" asserts="0" description="help for Convert-FromPsCommandInfoToString">
            <results>
              <test-suite type="TestFixture" name="help for Convert-FromPsCommandInfoToString.- Help for parameter 'CommandInfo'" executed="True" result="Failure" success="False" time="0.0888" asserts="0" description="help for Convert-FromPsCommandInfoToString.- Help for parameter 'CommandInfo'">
                <results>
                  <test-case description="has a description" name="help for Convert-FromPsCommandInfoToString.- Help for parameter 'CommandInfo'.has a description" time="0.0057" asserts="0" success="True" result="Success" executed="True" />
                  <test-case description="has the correct [mandatory] value" name="help for Convert-FromPsCommandInfoToString.- Help for parameter 'CommandInfo'.has the correct [mandatory] value" time="0.0116" asserts="0" success="True" result="Success" executed="True" />
                  <test-case description="has the correct parameter type" name="help for Convert-FromPsCommandInfoToString.- Help for parameter 'CommandInfo'.has the correct parameter type" time="0.0375" asserts="0" success="False" result="Failure" executed="True">
                    <failure>
                      <message>Expected strings to be the same, but they were different.
Expected length: 10
Actual length:   39
Strings differ at index 0.
Expected: 'PSObject[]'
But was:  'System.Management.Automation.PSObject[]'
           ^</message>
                      <stack-trace>at $parameterHelpType | Should -Be $parameter.ParameterType.Name, E:\Owner\Documents\Google Drive\Programs\Scripts\PowerShell\PsRunspace\tests\Help.tests.ps1:114
at &lt;ScriptBlock&gt;, E:\Owner\Documents\Google Drive\Programs\Scripts\PowerShell\PsRunspace\tests\Help.tests.ps1:114</stack-trace>
                    </failure>
                  </test-case>
                </results>
              </test-suite>
              <test-suite type="TestFixture" name="help for Convert-FromPsCommandInfoToString.- Help for parameter 'DebugOutputStream'" executed="True" result="Failure" success="False" time="0.1282" asserts="0" description="help for Convert-FromPsCommandInfoToString.- Help for parameter 'DebugOutputStream'">
                <results>
                  <test-case description="has a description" name="help for Convert-FromPsCommandInfoToString.- Help for parameter 'DebugOutputStream'.has a description" time="0.0155" asserts="0" success="True" result="Success" executed="True" />
                  <test-case description="has the correct [mandatory] value" name="help for Convert-FromPsCommandInfoToString.- Help for parameter 'DebugOutputStream'.has the correct [mandatory] value" time="0.0052" asserts="0" success="True" result="Success" executed="True" />
                  <test-case description="has the correct parameter type" name="help for Convert-FromPsCommandInfoToString.- Help for parameter 'DebugOutputStream'.has the correct parameter type" time="0.0116" asserts="0" success="False" result="Failure" executed="True">
                    <failure>
                      <message>Expected strings to be the same, but they were different.
Expected length: 6
Actual length:   13
Strings differ at index 1.
Expected: 'String'
But was:  'System.String'
           -^</message>
                      <stack-trace>at $parameterHelpType | Should -Be $parameter.ParameterType.Name, E:\Owner\Documents\Google Drive\Programs\Scripts\PowerShell\PsRunspace\tests\Help.tests.ps1:114
at &lt;ScriptBlock&gt;, E:\Owner\Documents\Google Drive\Programs\Scripts\PowerShell\PsRunspace\tests\Help.tests.ps1:114</stack-trace>
                    </failure>
                  </test-case>
                </results>
              </test-suite>
              <test-suite type="TestFixture" name="help for Convert-FromPsCommandInfoToString.- Help for parameter 'TodaysHostname'" executed="True" result="Failure" success="False" time="0.1641" asserts="0" description="help for Convert-FromPsCommandInfoToString.- Help for parameter 'TodaysHostname'">
                <results>
                  <test-case description="has a description" name="help for Convert-FromPsCommandInfoToString.- Help for parameter 'TodaysHostname'.has a description" time="0.0057" asserts="0" success="True" result="Success" executed="True" />
                  <test-case description="has the correct [mandatory] value" name="help for Convert-FromPsCommandInfoToString.- Help for parameter 'TodaysHostname'.has the correct [mandatory] value" time="0.0058" asserts="0" success="True" result="Success" executed="True" />
                  <test-case description="has the correct parameter type" name="help for Convert-FromPsCommandInfoToString.- Help for parameter 'TodaysHostname'.has the correct parameter type" time="0.0195" asserts="0" success="False" result="Failure" executed="True">
                    <failure>
                      <message>Expected strings to be the same, but they were different.
Expected length: 6
Actual length:   13
Strings differ at index 1.
Expected: 'String'
But was:  'System.String'
           -^</message>
                      <stack-trace>at $parameterHelpType | Should -Be $parameter.ParameterType.Name, E:\Owner\Documents\Google Drive\Programs\Scripts\PowerShell\PsRunspace\tests\Help.tests.ps1:114
at &lt;ScriptBlock&gt;, E:\Owner\Documents\Google Drive\Programs\Scripts\PowerShell\PsRunspace\tests\Help.tests.ps1:114</stack-trace>
                    </failure>
                  </test-case>
                </results>
              </test-suite>
              <test-case description="is not auto-generated" name="help for Convert-FromPsCommandInfoToString.is not auto-generated" time="0.0147" asserts="0" success="True" result="Success" executed="True" />
              <test-case description="has a description" name="help for Convert-FromPsCommandInfoToString.has a description" time="0.0047" asserts="0" success="True" result="Success" executed="True" />
              <test-case description="has example code" name="help for Convert-FromPsCommandInfoToString.has example code" time="0.0055" asserts="0" success="True" result="Success" executed="True" />
              <test-case description="has example help" name="help for Convert-FromPsCommandInfoToString.has example help" time="0.003" asserts="0" success="True" result="Success" executed="True" />
            </results>
          </test-suite>
          <test-suite type="TestFixture" name="help for Expand-PsCommandInfo" executed="True" result="Failure" success="False" time="1.1052" asserts="0" description="help for Expand-PsCommandInfo">
            <results>
              <test-suite type="TestFixture" name="help for Expand-PsCommandInfo.- Help for parameter 'Cache'" executed="True" result="Success" success="True" time="0.1002" asserts="0" description="help for Expand-PsCommandInfo.- Help for parameter 'Cache'">
                <results>
                  <test-case description="has a description" name="help for Expand-PsCommandInfo.- Help for parameter 'Cache'.has a description" time="0.0114" asserts="0" success="True" result="Success" executed="True" />
                  <test-case description="has the correct [mandatory] value" name="help for Expand-PsCommandInfo.- Help for parameter 'Cache'.has the correct [mandatory] value" time="0.0098" asserts="0" success="True" result="Success" executed="True" />
                  <test-case description="has the correct parameter type" name="help for Expand-PsCommandInfo.- Help for parameter 'Cache'.has the correct parameter type" time="0.0128" asserts="0" success="True" result="Success" executed="True" />
                </results>
              </test-suite>
              <test-suite type="TestFixture" name="help for Expand-PsCommandInfo.- Help for parameter 'DebugOutputStream'" executed="True" result="Success" success="True" time="0.1225" asserts="0" description="help for Expand-PsCommandInfo.- Help for parameter 'DebugOutputStream'">
                <results>
                  <test-case description="has a description" name="help for Expand-PsCommandInfo.- Help for parameter 'DebugOutputStream'.has a description" time="0.0073" asserts="0" success="True" result="Success" executed="True" />
                  <test-case description="has the correct [mandatory] value" name="help for Expand-PsCommandInfo.- Help for parameter 'DebugOutputStream'.has the correct [mandatory] value" time="0.0048" asserts="0" success="True" result="Success" executed="True" />
                  <test-case description="has the correct parameter type" name="help for Expand-PsCommandInfo.- Help for parameter 'DebugOutputStream'.has the correct parameter type" time="0.0052" asserts="0" success="True" result="Success" executed="True" />
                </results>
              </test-suite>
              <test-suite type="TestFixture" name="help for Expand-PsCommandInfo.- Help for parameter 'PsCommandInfo'" executed="True" result="Success" success="True" time="0.1583" asserts="0" description="help for Expand-PsCommandInfo.- Help for parameter 'PsCommandInfo'">
                <results>
                  <test-case description="has a description" name="help for Expand-PsCommandInfo.- Help for parameter 'PsCommandInfo'.has a description" time="0.0149" asserts="0" success="True" result="Success" executed="True" />
                  <test-case description="has the correct [mandatory] value" name="help for Expand-PsCommandInfo.- Help for parameter 'PsCommandInfo'.has the correct [mandatory] value" time="0.0066" asserts="0" success="True" result="Success" executed="True" />
                  <test-case description="has the correct parameter type" name="help for Expand-PsCommandInfo.- Help for parameter 'PsCommandInfo'.has the correct parameter type" time="0.0045" asserts="0" success="True" result="Success" executed="True" />
                </results>
              </test-suite>
              <test-suite type="TestFixture" name="help for Expand-PsCommandInfo.- Help for parameter 'TodaysHostname'" executed="True" result="Failure" success="False" time="0.1989" asserts="0" description="help for Expand-PsCommandInfo.- Help for parameter 'TodaysHostname'">
                <results>
                  <test-case description="has a description" name="help for Expand-PsCommandInfo.- Help for parameter 'TodaysHostname'.has a description" time="0.022" asserts="0" success="False" result="Failure" executed="True">
                    <failure>
                      <message>Expected a value, but got $null or empty.</message>
                      <stack-trace>at $parameterHelp.Description.Text | Should -Not -BeNullOrEmpty, E:\Owner\Documents\Google Drive\Programs\Scripts\PowerShell\PsRunspace\tests\Help.tests.ps1:103
at &lt;ScriptBlock&gt;, E:\Owner\Documents\Google Drive\Programs\Scripts\PowerShell\PsRunspace\tests\Help.tests.ps1:103</stack-trace>
                    </failure>
                  </test-case>
                  <test-case description="has the correct [mandatory] value" name="help for Expand-PsCommandInfo.- Help for parameter 'TodaysHostname'.has the correct [mandatory] value" time="0.0065" asserts="0" success="True" result="Success" executed="True" />
                  <test-case description="has the correct parameter type" name="help for Expand-PsCommandInfo.- Help for parameter 'TodaysHostname'.has the correct parameter type" time="0.007" asserts="0" success="True" result="Success" executed="True" />
                </results>
              </test-suite>
              <test-case description="is not auto-generated" name="help for Expand-PsCommandInfo.is not auto-generated" time="0.0064" asserts="0" success="True" result="Success" executed="True" />
              <test-case description="has a description" name="help for Expand-PsCommandInfo.has a description" time="0.0191" asserts="0" success="False" result="Failure" executed="True">
                <failure>
                  <message>Expected a value, but got $null or empty.</message>
                  <stack-trace>at $commandHelp.Description | Should -Not -BeNullOrEmpty, E:\Owner\Documents\Google Drive\Programs\Scripts\PowerShell\PsRunspace\tests\Help.tests.ps1:75
at &lt;ScriptBlock&gt;, E:\Owner\Documents\Google Drive\Programs\Scripts\PowerShell\PsRunspace\tests\Help.tests.ps1:75</stack-trace>
                </failure>
              </test-case>
              <test-case description="has example code" name="help for Expand-PsCommandInfo.has example code" time="0.0166" asserts="0" success="False" result="Failure" executed="True">
                <failure>
                  <message>Expected a value, but got $null or empty.</message>
                  <stack-trace>at ($commandHelp.Examples.Example | Select-Object -First 1).Code | Should -Not -BeNullOrEmpty, E:\Owner\Documents\Google Drive\Programs\Scripts\PowerShell\PsRunspace\tests\Help.tests.ps1:80
at &lt;ScriptBlock&gt;, E:\Owner\Documents\Google Drive\Programs\Scripts\PowerShell\PsRunspace\tests\Help.tests.ps1:80</stack-trace>
                </failure>
              </test-case>
              <test-case description="has example help" name="help for Expand-PsCommandInfo.has example help" time="0.0161" asserts="0" success="False" result="Failure" executed="True">
                <failure>
                  <message>Expected a value, but got $null or empty.</message>
                  <stack-trace>at ($commandHelp.Examples.Example.Remarks | Select-Object -First 1).Text | Should -Not -BeNullOrEmpty, E:\Owner\Documents\Google Drive\Programs\Scripts\PowerShell\PsRunspace\tests\Help.tests.ps1:85
at &lt;ScriptBlock&gt;, E:\Owner\Documents\Google Drive\Programs\Scripts\PowerShell\PsRunspace\tests\Help.tests.ps1:85</stack-trace>
                </failure>
              </test-case>
            </results>
          </test-suite>
          <test-suite type="TestFixture" name="help for Expand-PsToken" executed="True" result="Success" success="True" time="1.1983" asserts="0" description="help for Expand-PsToken">
            <results>
              <test-suite type="TestFixture" name="help for Expand-PsToken.- Help for parameter 'InputObject'" executed="True" result="Success" success="True" time="0.0616" asserts="0" description="help for Expand-PsToken.- Help for parameter 'InputObject'">
                <results>
                  <test-case description="has a description" name="help for Expand-PsToken.- Help for parameter 'InputObject'.has a description" time="0.009" asserts="0" success="True" result="Success" executed="True" />
                  <test-case description="has the correct [mandatory] value" name="help for Expand-PsToken.- Help for parameter 'InputObject'.has the correct [mandatory] value" time="0.0051" asserts="0" success="True" result="Success" executed="True" />
                  <test-case description="has the correct parameter type" name="help for Expand-PsToken.- Help for parameter 'InputObject'.has the correct parameter type" time="0.0072" asserts="0" success="True" result="Success" executed="True" />
                </results>
              </test-suite>
              <test-case description="is not auto-generated" name="help for Expand-PsToken.is not auto-generated" time="0.01" asserts="0" success="True" result="Success" executed="True" />
              <test-case description="has a description" name="help for Expand-PsToken.has a description" time="0.0042" asserts="0" success="True" result="Success" executed="True" />
              <test-case description="has example code" name="help for Expand-PsToken.has example code" time="0.0044" asserts="0" success="True" result="Success" executed="True" />
              <test-case description="has example help" name="help for Expand-PsToken.has example help" time="0.0154" asserts="0" success="True" result="Success" executed="True" />
            </results>
          </test-suite>
          <test-suite type="TestFixture" name="help for Get-PsCommandInfo" executed="True" result="Failure" success="False" time="1.4308" asserts="0" description="help for Get-PsCommandInfo">
            <results>
              <test-suite type="TestFixture" name="help for Get-PsCommandInfo.- Help for parameter 'Command'" executed="True" result="Success" success="True" time="0.0924" asserts="0" description="help for Get-PsCommandInfo.- Help for parameter 'Command'">
                <results>
                  <test-case description="has a description" name="help for Get-PsCommandInfo.- Help for parameter 'Command'.has a description" time="0.0058" asserts="0" success="True" result="Success" executed="True" />
                  <test-case description="has the correct [mandatory] value" name="help for Get-PsCommandInfo.- Help for parameter 'Command'.has the correct [mandatory] value" time="0.0049" asserts="0" success="True" result="Success" executed="True" />
                  <test-case description="has the correct parameter type" name="help for Get-PsCommandInfo.- Help for parameter 'Command'.has the correct parameter type" time="0.0111" asserts="0" success="True" result="Success" executed="True" />
                </results>
              </test-suite>
              <test-suite type="TestFixture" name="help for Get-PsCommandInfo.- Help for parameter 'DebugOutputStream'" executed="True" result="Success" success="True" time="0.1224" asserts="0" description="help for Get-PsCommandInfo.- Help for parameter 'DebugOutputStream'">
                <results>
                  <test-case description="has a description" name="help for Get-PsCommandInfo.- Help for parameter 'DebugOutputStream'.has a description" time="0.0074" asserts="0" success="True" result="Success" executed="True" />
                  <test-case description="has the correct [mandatory] value" name="help for Get-PsCommandInfo.- Help for parameter 'DebugOutputStream'.has the correct [mandatory] value" time="0.0053" asserts="0" success="True" result="Success" executed="True" />
                  <test-case description="has the correct parameter type" name="help for Get-PsCommandInfo.- Help for parameter 'DebugOutputStream'.has the correct parameter type" time="0.0052" asserts="0" success="True" result="Success" executed="True" />
                </results>
              </test-suite>
              <test-suite type="TestFixture" name="help for Get-PsCommandInfo.- Help for parameter 'TodaysHostname'" executed="True" result="Failure" success="False" time="0.191" asserts="0" description="help for Get-PsCommandInfo.- Help for parameter 'TodaysHostname'">
                <results>
                  <test-case description="has a description" name="help for Get-PsCommandInfo.- Help for parameter 'TodaysHostname'.has a description" time="0.0171" asserts="0" success="False" result="Failure" executed="True">
                    <failure>
                      <message>Expected a value, but got $null or empty.</message>
                      <stack-trace>at $parameterHelp.Description.Text | Should -Not -BeNullOrEmpty, E:\Owner\Documents\Google Drive\Programs\Scripts\PowerShell\PsRunspace\tests\Help.tests.ps1:103
at &lt;ScriptBlock&gt;, E:\Owner\Documents\Google Drive\Programs\Scripts\PowerShell\PsRunspace\tests\Help.tests.ps1:103</stack-trace>
                    </failure>
                  </test-case>
                  <test-case description="has the correct [mandatory] value" name="help for Get-PsCommandInfo.- Help for parameter 'TodaysHostname'.has the correct [mandatory] value" time="0.0047" asserts="0" success="True" result="Success" executed="True" />
                  <test-case description="has the correct parameter type" name="help for Get-PsCommandInfo.- Help for parameter 'TodaysHostname'.has the correct parameter type" time="0.0052" asserts="0" success="True" result="Success" executed="True" />
                </results>
              </test-suite>
              <test-case description="is not auto-generated" name="help for Get-PsCommandInfo.is not auto-generated" time="0.0292" asserts="0" success="True" result="Success" executed="True" />
              <test-case description="has a description" name="help for Get-PsCommandInfo.has a description" time="0.0053" asserts="0" success="True" result="Success" executed="True" />
              <test-case description="has example code" name="help for Get-PsCommandInfo.has example code" time="0.0073" asserts="0" success="True" result="Success" executed="True" />
              <test-case description="has example help" name="help for Get-PsCommandInfo.has example help" time="0.0201" asserts="0" success="False" result="Failure" executed="True">
                <failure>
                  <message>Expected a value, but got $null or empty.</message>
                  <stack-trace>at ($commandHelp.Examples.Example.Remarks | Select-Object -First 1).Text | Should -Not -BeNullOrEmpty, E:\Owner\Documents\Google Drive\Programs\Scripts\PowerShell\PsRunspace\tests\Help.tests.ps1:85
at &lt;ScriptBlock&gt;, E:\Owner\Documents\Google Drive\Programs\Scripts\PowerShell\PsRunspace\tests\Help.tests.ps1:85</stack-trace>
                </failure>
              </test-case>
            </results>
          </test-suite>
          <test-suite type="TestFixture" name="help for Open-Thread" executed="True" result="Failure" success="False" time="1.8604" asserts="0" description="help for Open-Thread">
            <results>
              <test-suite type="TestFixture" name="help for Open-Thread.- Help for parameter 'AddParam'" executed="True" result="Success" success="True" time="0.0968" asserts="0" description="help for Open-Thread.- Help for parameter 'AddParam'">
                <results>
                  <test-case description="has a description" name="help for Open-Thread.- Help for parameter 'AddParam'.has a description" time="0.0091" asserts="0" success="True" result="Success" executed="True" />
                  <test-case description="has the correct [mandatory] value" name="help for Open-Thread.- Help for parameter 'AddParam'.has the correct [mandatory] value" time="0.0077" asserts="0" success="True" result="Success" executed="True" />
                  <test-case description="has the correct parameter type" name="help for Open-Thread.- Help for parameter 'AddParam'.has the correct parameter type" time="0.0063" asserts="0" success="True" result="Success" executed="True" />
                </results>
              </test-suite>
              <test-suite type="TestFixture" name="help for Open-Thread.- Help for parameter 'AddSwitch'" executed="True" result="Success" success="True" time="0.1298" asserts="0" description="help for Open-Thread.- Help for parameter 'AddSwitch'">
                <results>
                  <test-case description="has a description" name="help for Open-Thread.- Help for parameter 'AddSwitch'.has a description" time="0.0065" asserts="0" success="True" result="Success" executed="True" />
                  <test-case description="has the correct [mandatory] value" name="help for Open-Thread.- Help for parameter 'AddSwitch'.has the correct [mandatory] value" time="0.0071" asserts="0" success="True" result="Success" executed="True" />
                  <test-case description="has the correct parameter type" name="help for Open-Thread.- Help for parameter 'AddSwitch'.has the correct parameter type" time="0.0145" asserts="0" success="True" result="Success" executed="True" />
                </results>
              </test-suite>
              <test-suite type="TestFixture" name="help for Open-Thread.- Help for parameter 'Command'" executed="True" result="Success" success="True" time="0.1579" asserts="0" description="help for Open-Thread.- Help for parameter 'Command'">
                <results>
                  <test-case description="has a description" name="help for Open-Thread.- Help for parameter 'Command'.has a description" time="0.0058" asserts="0" success="True" result="Success" executed="True" />
                  <test-case description="has the correct [mandatory] value" name="help for Open-Thread.- Help for parameter 'Command'.has the correct [mandatory] value" time="0.0047" asserts="0" success="True" result="Success" executed="True" />
                  <test-case description="has the correct parameter type" name="help for Open-Thread.- Help for parameter 'Command'.has the correct parameter type" time="0.0066" asserts="0" success="True" result="Success" executed="True" />
                </results>
              </test-suite>
              <test-suite type="TestFixture" name="help for Open-Thread.- Help for parameter 'CommandInfo'" executed="True" result="Success" success="True" time="0.1941" asserts="0" description="help for Open-Thread.- Help for parameter 'CommandInfo'">
                <results>
                  <test-case description="has a description" name="help for Open-Thread.- Help for parameter 'CommandInfo'.has a description" time="0.0179" asserts="0" success="True" result="Success" executed="True" />
                  <test-case description="has the correct [mandatory] value" name="help for Open-Thread.- Help for parameter 'CommandInfo'.has the correct [mandatory] value" time="0.0074" asserts="0" success="True" result="Success" executed="True" />
                  <test-case description="has the correct parameter type" name="help for Open-Thread.- Help for parameter 'CommandInfo'.has the correct parameter type" time="0.0051" asserts="0" success="True" result="Success" executed="True" />
                </results>
              </test-suite>
              <test-suite type="TestFixture" name="help for Open-Thread.- Help for parameter 'DebugOutputStream'" executed="True" result="Success" success="True" time="0.2318" asserts="0" description="help for Open-Thread.- Help for parameter 'DebugOutputStream'">
                <results>
                  <test-case description="has a description" name="help for Open-Thread.- Help for parameter 'DebugOutputStream'.has a description" time="0.0101" asserts="0" success="True" result="Success" executed="True" />
                  <test-case description="has the correct [mandatory] value" name="help for Open-Thread.- Help for parameter 'DebugOutputStream'.has the correct [mandatory] value" time="0.0066" asserts="0" success="True" result="Success" executed="True" />
                  <test-case description="has the correct parameter type" name="help for Open-Thread.- Help for parameter 'DebugOutputStream'.has the correct parameter type" time="0.0111" asserts="0" success="True" result="Success" executed="True" />
                </results>
              </test-suite>
              <test-suite type="TestFixture" name="help for Open-Thread.- Help for parameter 'InputObject'" executed="True" result="Success" success="True" time="0.2609" asserts="0" description="help for Open-Thread.- Help for parameter 'InputObject'">
                <results>
                  <test-case description="has a description" name="help for Open-Thread.- Help for parameter 'InputObject'.has a description" time="0.0095" asserts="0" success="True" result="Success" executed="True" />
                  <test-case description="has the correct [mandatory] value" name="help for Open-Thread.- Help for parameter 'InputObject'.has the correct [mandatory] value" time="0.0044" asserts="0" success="True" result="Success" executed="True" />
                  <test-case description="has the correct parameter type" name="help for Open-Thread.- Help for parameter 'InputObject'.has the correct parameter type" time="0.01" asserts="0" success="True" result="Success" executed="True" />
                </results>
              </test-suite>
              <test-suite type="TestFixture" name="help for Open-Thread.- Help for parameter 'InputParameter'" executed="True" result="Success" success="True" time="0.2926" asserts="0" description="help for Open-Thread.- Help for parameter 'InputParameter'">
                <results>
                  <test-case description="has a description" name="help for Open-Thread.- Help for parameter 'InputParameter'.has a description" time="0.0084" asserts="0" success="True" result="Success" executed="True" />
                  <test-case description="has the correct [mandatory] value" name="help for Open-Thread.- Help for parameter 'InputParameter'.has the correct [mandatory] value" time="0.0085" asserts="0" success="True" result="Success" executed="True" />
                  <test-case description="has the correct parameter type" name="help for Open-Thread.- Help for parameter 'InputParameter'.has the correct parameter type" time="0.0106" asserts="0" success="True" result="Success" executed="True" />
                </results>
              </test-suite>
              <test-suite type="TestFixture" name="help for Open-Thread.- Help for parameter 'ObjectStringProperty'" executed="True" result="Success" success="True" time="0.3179" asserts="0" description="help for Open-Thread.- Help for parameter 'ObjectStringProperty'">
                <results>
                  <test-case description="has a description" name="help for Open-Thread.- Help for parameter 'ObjectStringProperty'.has a description" time="0.0045" asserts="0" success="True" result="Success" executed="True" />
                  <test-case description="has the correct [mandatory] value" name="help for Open-Thread.- Help for parameter 'ObjectStringProperty'.has the correct [mandatory] value" time="0.0092" asserts="0" success="True" result="Success" executed="True" />
                  <test-case description="has the correct parameter type" name="help for Open-Thread.- Help for parameter 'ObjectStringProperty'.has the correct parameter type" time="0.0071" asserts="0" success="True" result="Success" executed="True" />
                </results>
              </test-suite>
              <test-suite type="TestFixture" name="help for Open-Thread.- Help for parameter 'RunspacePool'" executed="True" result="Failure" success="False" time="0.3587" asserts="0" description="help for Open-Thread.- Help for parameter 'RunspacePool'">
                <results>
                  <test-case description="has a description" name="help for Open-Thread.- Help for parameter 'RunspacePool'.has a description" time="0.0156" asserts="0" success="False" result="Failure" executed="True">
                    <failure>
                      <message>Expected a value, but got $null or empty.</message>
                      <stack-trace>at $parameterHelp.Description.Text | Should -Not -BeNullOrEmpty, E:\Owner\Documents\Google Drive\Programs\Scripts\PowerShell\PsRunspace\tests\Help.tests.ps1:103
at &lt;ScriptBlock&gt;, E:\Owner\Documents\Google Drive\Programs\Scripts\PowerShell\PsRunspace\tests\Help.tests.ps1:103</stack-trace>
                    </failure>
                  </test-case>
                  <test-case description="has the correct [mandatory] value" name="help for Open-Thread.- Help for parameter 'RunspacePool'.has the correct [mandatory] value" time="0.0055" asserts="0" success="True" result="Success" executed="True" />
                  <test-case description="has the correct parameter type" name="help for Open-Thread.- Help for parameter 'RunspacePool'.has the correct parameter type" time="0.0089" asserts="0" success="True" result="Success" executed="True" />
                </results>
              </test-suite>
              <test-suite type="TestFixture" name="help for Open-Thread.- Help for parameter 'TodaysHostname'" executed="True" result="Failure" success="False" time="0.4017" asserts="0" description="help for Open-Thread.- Help for parameter 'TodaysHostname'">
                <results>
                  <test-case description="has a description" name="help for Open-Thread.- Help for parameter 'TodaysHostname'.has a description" time="0.0217" asserts="0" success="False" result="Failure" executed="True">
                    <failure>
                      <message>Expected a value, but got $null or empty.</message>
                      <stack-trace>at $parameterHelp.Description.Text | Should -Not -BeNullOrEmpty, E:\Owner\Documents\Google Drive\Programs\Scripts\PowerShell\PsRunspace\tests\Help.tests.ps1:103
at &lt;ScriptBlock&gt;, E:\Owner\Documents\Google Drive\Programs\Scripts\PowerShell\PsRunspace\tests\Help.tests.ps1:103</stack-trace>
                    </failure>
                  </test-case>
                  <test-case description="has the correct [mandatory] value" name="help for Open-Thread.- Help for parameter 'TodaysHostname'.has the correct [mandatory] value" time="0.0069" asserts="0" success="True" result="Success" executed="True" />
                  <test-case description="has the correct parameter type" name="help for Open-Thread.- Help for parameter 'TodaysHostname'.has the correct parameter type" time="0.009" asserts="0" success="True" result="Success" executed="True" />
                </results>
              </test-suite>
              <test-case description="is not auto-generated" name="help for Open-Thread.is not auto-generated" time="0.0112" asserts="0" success="True" result="Success" executed="True" />
              <test-case description="has a description" name="help for Open-Thread.has a description" time="0.0047" asserts="0" success="True" result="Success" executed="True" />
              <test-case description="has example code" name="help for Open-Thread.has example code" time="0.0401" asserts="0" success="False" result="Failure" executed="True">
                <failure>
                  <message>Expected a value, but got $null or empty.</message>
                  <stack-trace>at ($commandHelp.Examples.Example | Select-Object -First 1).Code | Should -Not -BeNullOrEmpty, E:\Owner\Documents\Google Drive\Programs\Scripts\PowerShell\PsRunspace\tests\Help.tests.ps1:80
at &lt;ScriptBlock&gt;, E:\Owner\Documents\Google Drive\Programs\Scripts\PowerShell\PsRunspace\tests\Help.tests.ps1:80</stack-trace>
                </failure>
              </test-case>
              <test-case description="has example help" name="help for Open-Thread.has example help" time="0.0102" asserts="0" success="False" result="Failure" executed="True">
                <failure>
                  <message>Expected a value, but got $null or empty.</message>
                  <stack-trace>at ($commandHelp.Examples.Example.Remarks | Select-Object -First 1).Text | Should -Not -BeNullOrEmpty, E:\Owner\Documents\Google Drive\Programs\Scripts\PowerShell\PsRunspace\tests\Help.tests.ps1:85
at &lt;ScriptBlock&gt;, E:\Owner\Documents\Google Drive\Programs\Scripts\PowerShell\PsRunspace\tests\Help.tests.ps1:85</stack-trace>
                </failure>
              </test-case>
            </results>
          </test-suite>
          <test-suite type="TestFixture" name="help for Split-Thread" executed="True" result="Failure" success="False" time="2.3194" asserts="0" description="help for Split-Thread">
            <results>
              <test-suite type="TestFixture" name="help for Split-Thread.- Help for parameter 'AddModule'" executed="True" result="Success" success="True" time="0.09" asserts="0" description="help for Split-Thread.- Help for parameter 'AddModule'">
                <results>
                  <test-case description="has a description" name="help for Split-Thread.- Help for parameter 'AddModule'.has a description" time="0.009" asserts="0" success="True" result="Success" executed="True" />
                  <test-case description="has the correct [mandatory] value" name="help for Split-Thread.- Help for parameter 'AddModule'.has the correct [mandatory] value" time="0.0091" asserts="0" success="True" result="Success" executed="True" />
                  <test-case description="has the correct parameter type" name="help for Split-Thread.- Help for parameter 'AddModule'.has the correct parameter type" time="0.0285" asserts="0" success="True" result="Success" executed="True" />
                </results>
              </test-suite>
              <test-suite type="TestFixture" name="help for Split-Thread.- Help for parameter 'AddParam'" executed="True" result="Success" success="True" time="0.1207" asserts="0" description="help for Split-Thread.- Help for parameter 'AddParam'">
                <results>
                  <test-case description="has a description" name="help for Split-Thread.- Help for parameter 'AddParam'.has a description" time="0.0141" asserts="0" success="True" result="Success" executed="True" />
                  <test-case description="has the correct [mandatory] value" name="help for Split-Thread.- Help for parameter 'AddParam'.has the correct [mandatory] value" time="0.005" asserts="0" success="True" result="Success" executed="True" />
                  <test-case description="has the correct parameter type" name="help for Split-Thread.- Help for parameter 'AddParam'.has the correct parameter type" time="0.0056" asserts="0" success="True" result="Success" executed="True" />
                </results>
              </test-suite>
              <test-suite type="TestFixture" name="help for Split-Thread.- Help for parameter 'AddSwitch'" executed="True" result="Success" success="True" time="0.1522" asserts="0" description="help for Split-Thread.- Help for parameter 'AddSwitch'">
                <results>
                  <test-case description="has a description" name="help for Split-Thread.- Help for parameter 'AddSwitch'.has a description" time="0.0064" asserts="0" success="True" result="Success" executed="True" />
                  <test-case description="has the correct [mandatory] value" name="help for Split-Thread.- Help for parameter 'AddSwitch'.has the correct [mandatory] value" time="0.0068" asserts="0" success="True" result="Success" executed="True" />
                  <test-case description="has the correct parameter type" name="help for Split-Thread.- Help for parameter 'AddSwitch'.has the correct parameter type" time="0.008" asserts="0" success="True" result="Success" executed="True" />
                </results>
              </test-suite>
              <test-suite type="TestFixture" name="help for Split-Thread.- Help for parameter 'Command'" executed="True" result="Success" success="True" time="0.1855" asserts="0" description="help for Split-Thread.- Help for parameter 'Command'">
                <results>
                  <test-case description="has a description" name="help for Split-Thread.- Help for parameter 'Command'.has a description" time="0.0072" asserts="0" success="True" result="Success" executed="True" />
                  <test-case description="has the correct [mandatory] value" name="help for Split-Thread.- Help for parameter 'Command'.has the correct [mandatory] value" time="0.0068" asserts="0" success="True" result="Success" executed="True" />
                  <test-case description="has the correct parameter type" name="help for Split-Thread.- Help for parameter 'Command'.has the correct parameter type" time="0.0083" asserts="0" success="True" result="Success" executed="True" />
                </results>
              </test-suite>
              <test-suite type="TestFixture" name="help for Split-Thread.- Help for parameter 'DebugOutputStream'" executed="True" result="Success" success="True" time="0.2172" asserts="0" description="help for Split-Thread.- Help for parameter 'DebugOutputStream'">
                <results>
                  <test-case description="has a description" name="help for Split-Thread.- Help for parameter 'DebugOutputStream'.has a description" time="0.0075" asserts="0" success="True" result="Success" executed="True" />
                  <test-case description="has the correct [mandatory] value" name="help for Split-Thread.- Help for parameter 'DebugOutputStream'.has the correct [mandatory] value" time="0.0103" asserts="0" success="True" result="Success" executed="True" />
                  <test-case description="has the correct parameter type" name="help for Split-Thread.- Help for parameter 'DebugOutputStream'.has the correct parameter type" time="0.008" asserts="0" success="True" result="Success" executed="True" />
                </results>
              </test-suite>
              <test-suite type="TestFixture" name="help for Split-Thread.- Help for parameter 'InputObject'" executed="True" result="Success" success="True" time="0.2488" asserts="0" description="help for Split-Thread.- Help for parameter 'InputObject'">
                <results>
                  <test-case description="has a description" name="help for Split-Thread.- Help for parameter 'InputObject'.has a description" time="0.0052" asserts="0" success="True" result="Success" executed="True" />
                  <test-case description="has the correct [mandatory] value" name="help for Split-Thread.- Help for parameter 'InputObject'.has the correct [mandatory] value" time="0.013" asserts="0" success="True" result="Success" executed="True" />
                  <test-case description="has the correct parameter type" name="help for Split-Thread.- Help for parameter 'InputObject'.has the correct parameter type" time="0.0075" asserts="0" success="True" result="Success" executed="True" />
                </results>
              </test-suite>
              <test-suite type="TestFixture" name="help for Split-Thread.- Help for parameter 'InputParameter'" executed="True" result="Success" success="True" time="0.2773" asserts="0" description="help for Split-Thread.- Help for parameter 'InputParameter'">
                <results>
                  <test-case description="has a description" name="help for Split-Thread.- Help for parameter 'InputParameter'.has a description" time="0.0127" asserts="0" success="True" result="Success" executed="True" />
                  <test-case description="has the correct [mandatory] value" name="help for Split-Thread.- Help for parameter 'InputParameter'.has the correct [mandatory] value" time="0.0057" asserts="0" success="True" result="Success" executed="True" />
                  <test-case description="has the correct parameter type" name="help for Split-Thread.- Help for parameter 'InputParameter'.has the correct parameter type" time="0.0036" asserts="0" success="True" result="Success" executed="True" />
                </results>
              </test-suite>
              <test-suite type="TestFixture" name="help for Split-Thread.- Help for parameter 'ObjectStringProperty'" executed="True" result="Success" success="True" time="0.305" asserts="0" description="help for Split-Thread.- Help for parameter 'ObjectStringProperty'">
                <results>
                  <test-case description="has a description" name="help for Split-Thread.- Help for parameter 'ObjectStringProperty'.has a description" time="0.0051" asserts="0" success="True" result="Success" executed="True" />
                  <test-case description="has the correct [mandatory] value" name="help for Split-Thread.- Help for parameter 'ObjectStringProperty'.has the correct [mandatory] value" time="0.0041" asserts="0" success="True" result="Success" executed="True" />
                  <test-case description="has the correct parameter type" name="help for Split-Thread.- Help for parameter 'ObjectStringProperty'.has the correct parameter type" time="0.0121" asserts="0" success="True" result="Success" executed="True" />
                </results>
              </test-suite>
              <test-suite type="TestFixture" name="help for Split-Thread.- Help for parameter 'SleepTimer'" executed="True" result="Success" success="True" time="0.3343" asserts="0" description="help for Split-Thread.- Help for parameter 'SleepTimer'">
                <results>
                  <test-case description="has a description" name="help for Split-Thread.- Help for parameter 'SleepTimer'.has a description" time="0.0075" asserts="0" success="True" result="Success" executed="True" />
                  <test-case description="has the correct [mandatory] value" name="help for Split-Thread.- Help for parameter 'SleepTimer'.has the correct [mandatory] value" time="0.0081" asserts="0" success="True" result="Success" executed="True" />
                  <test-case description="has the correct parameter type" name="help for Split-Thread.- Help for parameter 'SleepTimer'.has the correct parameter type" time="0.0077" asserts="0" success="True" result="Success" executed="True" />
                </results>
              </test-suite>
              <test-suite type="TestFixture" name="help for Split-Thread.- Help for parameter 'Threads'" executed="True" result="Success" success="True" time="0.368" asserts="0" description="help for Split-Thread.- Help for parameter 'Threads'">
                <results>
                  <test-case description="has a description" name="help for Split-Thread.- Help for parameter 'Threads'.has a description" time="0.0075" asserts="0" success="True" result="Success" executed="True" />
                  <test-case description="has the correct [mandatory] value" name="help for Split-Thread.- Help for parameter 'Threads'.has the correct [mandatory] value" time="0.0119" asserts="0" success="True" result="Success" executed="True" />
                  <test-case description="has the correct parameter type" name="help for Split-Thread.- Help for parameter 'Threads'.has the correct parameter type" time="0.0068" asserts="0" success="True" result="Success" executed="True" />
                </results>
              </test-suite>
              <test-suite type="TestFixture" name="help for Split-Thread.- Help for parameter 'Timeout'" executed="True" result="Success" success="True" time="0.3845" asserts="0" description="help for Split-Thread.- Help for parameter 'Timeout'">
                <results>
                  <test-case description="has a description" name="help for Split-Thread.- Help for parameter 'Timeout'.has a description" time="0.0039" asserts="0" success="True" result="Success" executed="True" />
                  <test-case description="has the correct [mandatory] value" name="help for Split-Thread.- Help for parameter 'Timeout'.has the correct [mandatory] value" time="0.0059" asserts="0" success="True" result="Success" executed="True" />
                  <test-case description="has the correct parameter type" name="help for Split-Thread.- Help for parameter 'Timeout'.has the correct parameter type" time="0.0035" asserts="0" success="True" result="Success" executed="True" />
                </results>
              </test-suite>
              <test-suite type="TestFixture" name="help for Split-Thread.- Help for parameter 'TodaysHostname'" executed="True" result="Failure" success="False" time="0.4152" asserts="0" description="help for Split-Thread.- Help for parameter 'TodaysHostname'">
                <results>
                  <test-case description="has a description" name="help for Split-Thread.- Help for parameter 'TodaysHostname'.has a description" time="0.01" asserts="0" success="False" result="Failure" executed="True">
                    <failure>
                      <message>Expected a value, but got $null or empty.</message>
                      <stack-trace>at $parameterHelp.Description.Text | Should -Not -BeNullOrEmpty, E:\Owner\Documents\Google Drive\Programs\Scripts\PowerShell\PsRunspace\tests\Help.tests.ps1:103
at &lt;ScriptBlock&gt;, E:\Owner\Documents\Google Drive\Programs\Scripts\PowerShell\PsRunspace\tests\Help.tests.ps1:103</stack-trace>
                    </failure>
                  </test-case>
                  <test-case description="has the correct [mandatory] value" name="help for Split-Thread.- Help for parameter 'TodaysHostname'.has the correct [mandatory] value" time="0.0051" asserts="0" success="True" result="Success" executed="True" />
[...]
                <results>
                  <test-case description="has a description" name="help for Wait-Thread.- Help for parameter 'SleepTimer'.has a description" time="0.0048" asserts="0" success="True" result="Success" executed="True" />
                  <test-case description="has the correct [mandatory] value" name="help for Wait-Thread.- Help for parameter 'SleepTimer'.has the correct [mandatory] value" time="0.0052" asserts="0" success="True" result="Success" executed="True" />
                  <test-case description="has the correct parameter type" name="help for Wait-Thread.- Help for parameter 'SleepTimer'.has the correct parameter type" time="0.0034" asserts="0" success="True" result="Success" executed="True" />
                </results>
              </test-suite>
              <test-suite type="TestFixture" name="help for Wait-Thread.- Help for parameter 'Thread'" executed="True" result="Success" success="True" time="0.1445" asserts="0" description="help for Wait-Thread.- Help for parameter 'Thread'">
                <results>
                  <test-case description="has a description" name="help for Wait-Thread.- Help for parameter 'Thread'.has a description" time="0.0094" asserts="0" success="True" result="Success" executed="True" />
                  <test-case description="has the correct [mandatory] value" name="help for Wait-Thread.- Help for parameter 'Thread'.has the correct [mandatory] value" time="0.0119" asserts="0" success="True" result="Success" executed="True" />
                  <test-case description="has the correct parameter type" name="help for Wait-Thread.- Help for parameter 'Thread'.has the correct parameter type" time="0.0038" asserts="0" success="True" result="Success" executed="True" />
                </results>
              </test-suite>
              <test-suite type="TestFixture" name="help for Wait-Thread.- Help for parameter 'Threads'" executed="True" result="Success" success="True" time="0.1651" asserts="0" description="help for Wait-Thread.- Help for parameter 'Threads'">
                <results>
                  <test-case description="has a description" name="help for Wait-Thread.- Help for parameter 'Threads'.has a description" time="0.0059" asserts="0" success="True" result="Success" executed="True" />
                  <test-case description="has the correct [mandatory] value" name="help for Wait-Thread.- Help for parameter 'Threads'.has the correct [mandatory] value" time="0.0042" asserts="0" success="True" result="Success" executed="True" />
                  <test-case description="has the correct parameter type" name="help for Wait-Thread.- Help for parameter 'Threads'.has the correct parameter type" time="0.006" asserts="0" success="True" result="Success" executed="True" />
                </results>
              </test-suite>
              <test-suite type="TestFixture" name="help for Wait-Thread.- Help for parameter 'Timeout'" executed="True" result="Success" success="True" time="0.1881" asserts="0" description="help for Wait-Thread.- Help for parameter 'Timeout'">
                <results>
                  <test-case description="has a description" name="help for Wait-Thread.- Help for parameter 'Timeout'.has a description" time="0.0093" asserts="0" success="True" result="Success" executed="True" />
                  <test-case description="has the correct [mandatory] value" name="help for Wait-Thread.- Help for parameter 'Timeout'.has the correct [mandatory] value" time="0.0034" asserts="0" success="True" result="Success" executed="True" />
                  <test-case description="has the correct parameter type" name="help for Wait-Thread.- Help for parameter 'Timeout'.has the correct parameter type" time="0.0048" asserts="0" success="True" result="Success" executed="True" />
                </results>
              </test-suite>
              <test-suite type="TestFixture" name="help for Wait-Thread.- Help for parameter 'TodaysHostname'" executed="True" result="Failure" success="False" time="0.2233" asserts="0" description="help for Wait-Thread.- Help for parameter 'TodaysHostname'">
                <results>
                  <test-case description="has a description" name="help for Wait-Thread.- Help for parameter 'TodaysHostname'.has a description" time="0.0094" asserts="0" success="False" result="Failure" executed="True">
                    <failure>
                      <message>Expected a value, but got $null or empty.</message>
                      <stack-trace>at $parameterHelp.Description.Text | Should -Not -BeNullOrEmpty, E:\Owner\Documents\Google Drive\Programs\Scripts\PowerShell\PsRunspace\tests\Help.tests.ps1:103
at &lt;ScriptBlock&gt;, E:\Owner\Documents\Google Drive\Programs\Scripts\PowerShell\PsRunspace\tests\Help.tests.ps1:103</stack-trace>
                    </failure>
                  </test-case>
                  <test-case description="has the correct [mandatory] value" name="help for Wait-Thread.- Help for parameter 'TodaysHostname'.has the correct [mandatory] value" time="0.0118" asserts="0" success="True" result="Success" executed="True" />
                  <test-case description="has the correct parameter type" name="help for Wait-Thread.- Help for parameter 'TodaysHostname'.has the correct parameter type" time="0.0056" asserts="0" success="True" result="Success" executed="True" />
                </results>
              </test-suite>
              <test-case description="is not auto-generated" name="help for Wait-Thread.is not auto-generated" time="0.009" asserts="0" success="True" result="Success" executed="True" />
              <test-case description="has a description" name="help for Wait-Thread.has a description" time="0.0062" asserts="0" success="True" result="Success" executed="True" />
              <test-case description="has example code" name="help for Wait-Thread.has example code" time="0.0123" asserts="0" success="False" result="Failure" executed="True">
                <failure>
                  <message>Expected a value, but got $null or empty.</message>
                  <stack-trace>at ($commandHelp.Examples.Example | Select-Object -First 1).Code | Should -Not -BeNullOrEmpty, E:\Owner\Documents\Google Drive\Programs\Scripts\PowerShell\PsRunspace\tests\Help.tests.ps1:80
at &lt;ScriptBlock&gt;, E:\Owner\Documents\Google Drive\Programs\Scripts\PowerShell\PsRunspace\tests\Help.tests.ps1:80</stack-trace>
                </failure>
              </test-case>
              <test-case description="has example help" name="help for Wait-Thread.has example help" time="0.0198" asserts="0" success="False" result="Failure" executed="True">
                <failure>
                  <message>Expected a value, but got $null or empty.</message>
                  <stack-trace>at ($commandHelp.Examples.Example.Remarks | Select-Object -First 1).Text | Should -Not -BeNullOrEmpty, E:\Owner\Documents\Google Drive\Programs\Scripts\PowerShell\PsRunspace\tests\Help.tests.ps1:85
at &lt;ScriptBlock&gt;, E:\Owner\Documents\Google Drive\Programs\Scripts\PowerShell\PsRunspace\tests\Help.tests.ps1:85</stack-trace>
                </failure>
              </test-case>
            </results>
          </test-suite>
        </results>
      </test-suite>
      <test-suite type="TestFixture" name="E:\Owner\Documents\Google Drive\Programs\Scripts\PowerShell\PsRunspace\tests\Manifest.tests.ps1" executed="True" result="Ignored" success="True" time="0.3057" asserts="0" description="E:\Owner\Documents\Google Drive\Programs\Scripts\PowerShell\PsRunspace\tests\Manifest.tests.ps1">
        <results>
          <test-suite type="TestFixture" name="module manifest 'PsRunspace.psd1'" executed="True" result="Success" success="True" time="0.0793" asserts="0" description="module manifest 'PsRunspace.psd1'">
            <results>
              <test-suite type="TestFixture" name="module manifest 'PsRunspace.psd1'.- Validation" executed="True" result="Success" success="True" time="0.0764" asserts="0" description="module manifest 'PsRunspace.psd1'.- Validation">
                <results>
                  <test-case description="is a valid manifest" name="module manifest 'PsRunspace.psd1'.- Validation.is a valid manifest" time="0.0077" asserts="0" success="True" result="Success" executed="True" />
                  <test-case description="has a valid name in the manifest" name="module manifest 'PsRunspace.psd1'.- Validation.has a valid name in the manifest" time="0.0055" asserts="0" success="True" result="Success" executed="True" />
                  <test-case description="has a valid root module" name="module manifest 'PsRunspace.psd1'.- Validation.has a valid root module" time="0.0055" asserts="0" success="True" result="Success" executed="True" />
                  <test-case description="has a valid version" name="module manifest 'PsRunspace.psd1'.- Validation.has a valid version" time="0.0151" asserts="0" success="True" result="Success" executed="True" />
                  <test-case description="has a valid description" name="module manifest 'PsRunspace.psd1'.- Validation.has a valid description" time="0.0096" asserts="0" success="True" result="Success" executed="True" />
                  <test-case description="has a valid author" name="module manifest 'PsRunspace.psd1'.- Validation.has a valid author" time="0.009" asserts="0" success="True" result="Success" executed="True" />
                  <test-case description="has a valid guid" name="module manifest 'PsRunspace.psd1'.- Validation.has a valid guid" time="0.0078" asserts="0" success="True" result="Success" executed="True" />
                  <test-case description="has a valid copyright" name="module manifest 'PsRunspace.psd1'.- Validation.has a valid copyright" time="0.0075" asserts="0" success="True" result="Success" executed="True" />
                </results>
              </test-suite>
            </results>
          </test-suite>
          <test-suite type="TestFixture" name="Git tagging" executed="True" result="Ignored" success="True" time="0.0994" asserts="0" description="Git tagging">
            <results>
              <test-suite type="TestFixture" name="Git tagging.- Git tag version ''" executed="True" result="Ignored" success="True" time="0.0172" asserts="0" description="Git tagging.- Git tag version ''">
                <results>
                  <test-case description="is a valid version" name="Git tagging.- Git tag version ''.is a valid version" time="0.0116" asserts="0" success="False" result="Ignored" executed="False" />
                  <test-case description="matches the module manifest version" name="Git tagging.- Git tag version ''.matches the module manifest version" time="0.0023" asserts="0" success="False" result="Ignored" executed="False" />
                </results>
              </test-suite>
            </results>
          </test-suite>
        </results>
      </test-suite>
      <test-suite type="TestFixture" name="E:\Owner\Documents\Google Drive\Programs\Scripts\PowerShell\PsRunspace\tests\Metadata.tests.ps1" executed="True" result="Failure" success="False" time="0.3015" asserts="0" description="E:\Owner\Documents\Google Drive\Programs\Scripts\PowerShell\PsRunspace\tests\Metadata.tests.ps1">
        <results>
          <test-suite type="TestFixture" name="text files" executed="True" result="Failure" success="False" time="0.0507" asserts="0" description="text files">
            <results>
              <test-suite type="TestFixture" name="text files.- File Encoding" executed="True" result="Success" success="True" time="0.0176" asserts="0" description="text files.- File Encoding">
                <results>
                  <test-case description="do not use Unicode/UTF-16 encoding" name="text files.- File Encoding.do not use Unicode/UTF-16 encoding" time="0.0122" asserts="0" success="True" result="Success" executed="True" />
                </results>
              </test-suite>
              <test-suite type="TestFixture" name="text files.- Indentations" executed="True" result="Failure" success="False" time="0.0466" asserts="0" description="text files.- Indentations">
                <results>
                  <test-case description="do not use tabs for indentations" name="text files.- Indentations.do not use tabs for indentations" time="0.0209" asserts="0" success="False" result="Failure" executed="True">
                    <failure>
                      <message>Expected 0, but got 2.</message>
                      <stack-trace>at $totalTabsCount | Should -Be 0, E:\Owner\Documents\Google Drive\Programs\Scripts\PowerShell\PsRunspace\tests\Metadata.tests.ps1:47
at &lt;ScriptBlock&gt;, E:\Owner\Documents\Google Drive\Programs\Scripts\PowerShell\PsRunspace\tests\Metadata.tests.ps1:47</stack-trace>
                    </failure>
                  </test-case>
                </results>
              </test-suite>
            </results>
          </test-suite>
        </results>
      </test-suite>
      <test-suite type="TestFixture" name="E:\Owner\Documents\Google Drive\Programs\Scripts\PowerShell\PsRunspace\tests\Module.tests.ps1" executed="True" result="Success" success="True" time="0.2009" asserts="0" description="E:\Owner\Documents\Google Drive\Programs\Scripts\PowerShell\PsRunspace\tests\Module.tests.ps1">
        <results>
          <test-suite type="TestFixture" name="PowerShell files in module 'PsRunspace'" executed="True" result="Success" success="True" time="0.088" asserts="0" description="PowerShell files in module 'PsRunspace'">
            <results>
              <test-suite type="ParameterizedTest" name="PowerShell files in module 'PsRunspace'.'&lt;Script&gt;' can be tokenized by the PowerShell parser without any errors" executed="True" result="Success" success="True" time="0.084" asserts="0" description="'&lt;Script&gt;' can be tokenized by the PowerShell parser without any errors">
                <results>
                  <test-case description="'E:\Owner\Documents\Google Drive\Programs\Scripts\PowerShell\PsRunspace\dist\1.0.79\PsRunspace\bin\TestCode\TestModule\TestModule.psm1' can be tokenized by the PowerShell parser without any errors" name="PowerShell files in module 'PsRunspace'.'E:\Owner\Documents\Google Drive\Programs\Scripts\PowerShell\PsRunspace\dist\1.0.79\PsRunspace\bin\TestCode\TestModule\TestModule.psm1' can be tokenized by the PowerShell parser without any errors" time="0.0237" asserts="0" success="True" result="Success" executed="True" />
                  <test-case description="'E:\Owner\Documents\Google Drive\Programs\Scripts\PowerShell\PsRunspace\dist\1.0.79\PsRunspace\bin\TestCode\Test-AddScriptCombinedWithAddCommand.ps1' can be tokenized by the PowerShell parser without any errors" name="PowerShell files in module 'PsRunspace'.'E:\Owner\Documents\Google Drive\Programs\Scripts\PowerShell\PsRunspace\dist\1.0.79\PsRunspace\bin\TestCode\Test-AddScriptCombinedWithAddCommand.ps1' can be tokenized by the PowerShell parser without any errors" time="0.01" asserts="0" success="True" result="Success" executed="True" />
                  <test-case description="'E:\Owner\Documents\Google Drive\Programs\Scripts\PowerShell\PsRunspace\dist\1.0.79\PsRunspace\bin\TestCode\Test-Command.ps1' can be tokenized by the PowerShell parser without any errors" name="PowerShell files in module 'PsRunspace'.'E:\Owner\Documents\Google Drive\Programs\Scripts\PowerShell\PsRunspace\dist\1.0.79\PsRunspace\bin\TestCode\Test-Command.ps1' can be tokenized by the PowerShell parser without any errors" time="0.006" asserts="0" success="True" result="Success" executed="True" />
                  <test-case description="'E:\Owner\Documents\Google Drive\Programs\Scripts\PowerShell\PsRunspace\dist\1.0.79\PsRunspace\bin\TestCode\Test-MultiThreading.ps1' can be tokenized by the PowerShell parser without any errors" name="PowerShell files in module 'PsRunspace'.'E:\Owner\Documents\Google Drive\Programs\Scripts\PowerShell\PsRunspace\dist\1.0.79\PsRunspace\bin\TestCode\Test-MultiThreading.ps1' can be tokenized by the PowerShell parser without any errors" time="0.0111" asserts="0" success="True" result="Success" executed="True" />
                  <test-case description="'E:\Owner\Documents\Google Drive\Programs\Scripts\PowerShell\PsRunspace\dist\1.0.79\PsRunspace\PsRunspace.psd1' can be tokenized by the PowerShell parser without any errors" name="PowerShell files in module 'PsRunspace'.'E:\Owner\Documents\Google Drive\Programs\Scripts\PowerShell\PsRunspace\dist\1.0.79\PsRunspace\PsRunspace.psd1' can be tokenized by the PowerShell parser without any errors" time="0.0075" asserts="0" success="True" result="Success" executed="True" />
                  <test-case description="'E:\Owner\Documents\Google Drive\Programs\Scripts\PowerShell\PsRunspace\dist\1.0.79\PsRunspace\PsRunspace.psm1' can be tokenized by the PowerShell parser without any errors" name="PowerShell files in module 'PsRunspace'.'E:\Owner\Documents\Google Drive\Programs\Scripts\PowerShell\PsRunspace\dist\1.0.79\PsRunspace\PsRunspace.psm1' can be tokenized by the PowerShell parser without any errors" time="0.0257" asserts="0" success="True" result="Success" executed="True" />
                </results>
              </test-suite>
            </results>
          </test-suite>
          <test-suite type="TestFixture" name="module 'PsRunspace'" executed="True" result="Success" success="True" time="0.1201" asserts="0" description="module 'PsRunspace'">
            <results>
              <test-suite type="ParameterizedTest" name="module 'PsRunspace'.can be imported without any errors" executed="True" result="Success" success="True" time="0.029" asserts="0" description="can be imported without any errors">
                <results>
                  <test-case description="can be imported without any errors" name="module 'PsRunspace'.can be imported without any errors(&quot;E:\Owner\Documents\Google Drive\Programs\Scripts\PowerShell\PsRunspace\dist\1.0.79\PsRunspace\bin\TestCode\TestModule\TestModule.psm1&quot;)" time="0.029" asserts="0" success="True" result="Success" executed="True" />
                </results>
              </test-suite>
            </results>
          </test-suite>
        </results>
      </test-suite>
      <test-suite type="TestFixture" name="E:\Owner\Documents\Google Drive\Programs\Scripts\PowerShell\PsRunspace\tests\Project.tests.ps1" executed="True" result="Success" success="True" time="0.2389" asserts="0" description="E:\Owner\Documents\Google Drive\Programs\Scripts\PowerShell\PsRunspace\tests\Project.tests.ps1">
        <results>
          <test-suite type="TestFixture" name="change log" executed="True" result="Success" success="True" time="0.0268" asserts="0" description="change log">
            <results>
              <test-suite type="TestFixture" name="change log.- Version" executed="True" result="Success" success="True" time="0.024" asserts="0" description="change log.- Version">
                <results>
                  <test-case description="has a valid version" name="change log.- Version.has a valid version" time="0.0056" asserts="0" success="True" result="Success" executed="True" />
                  <test-case description="has the same version as the manifest" name="change log.- Version.has the same version as the manifest" time="0.015" asserts="0" success="True" result="Success" executed="True" />
                </results>
              </test-suite>
            </results>
          </test-suite>
        </results>
      </test-suite>
    </results>
  </test-suite>
</test-results>