<?xml version="1.0" encoding="utf-8" standalone="no"?>
<test-results xmlns:xsi="http://www.w3.org/2001/XMLSchema-instance" xsi:noNamespaceSchemaLocation="nunit_schema_2.5.xsd" name="Pester" total="303" errors="0" failures="36" not-run="0" inconclusive="0" ignored="0" skipped="2" invalid="0" date="2024-09-03" time="18:53:13">
  <environment nunit-version="2.5.8.0" user-domain="JLA-LoftHTPC" machine-name="JLA-LOFTHTPC" os-version="10.0.19044" cwd="E:\Owner\Documents\Google Drive\Programs\Scripts\PowerShell\PsRunspace\tests" platform="Microsoft Windows 10 Pro|C:\WINDOWS|\Device\Harddisk0\Partition2" user="Owner" clr-version="8.0.4" />
  <culture-info current-culture="en-US" current-uiculture="en-US" />
  <test-suite type="TestFixture" name="Pester" executed="True" result="Failure" success="False" time="6.4957" asserts="0" description="Pester">
    <results>
      <test-suite type="TestFixture" name="E:\Owner\Documents\Google Drive\Programs\Scripts\PowerShell\PsRunspace\tests\Function.tests.ps1" executed="True" result="Success" success="True" time="1.6151" asserts="0" description="E:\Owner\Documents\Google Drive\Programs\Scripts\PowerShell\PsRunspace\tests\Function.tests.ps1">
        <results>
          <test-suite type="TestFixture" name="function 'Add-PsCommand.ps1'" executed="True" result="Success" success="True" time="0.4346" asserts="0" description="function 'Add-PsCommand.ps1'">
            <results>
              <test-suite type="ParameterizedTest" name="function 'Add-PsCommand.ps1'.can be tokenized by the PowerShell parser without any errors" executed="True" result="Success" success="True" time="0.2522" asserts="0" description="can be tokenized by the PowerShell parser without any errors">
                <results>
                  <test-case description="can be tokenized by the PowerShell parser without any errors" name="function 'Add-PsCommand.ps1'.can be tokenized by the PowerShell parser without any errors(&quot;E:\Owner\Documents\Google Drive\Programs\Scripts\PowerShell\PsRunspace\src\functions\public\Add-PsCommand.ps1&quot;)" time="0.2522" asserts="0" success="True" result="Success" executed="True" />
                </results>
              </test-suite>
              <test-suite type="ParameterizedTest" name="function 'Add-PsCommand.ps1'.runs without throwing errors" executed="True" result="Success" success="True" time="0.0706" asserts="0" description="runs without throwing errors">
                <results>
                  <test-case description="runs without throwing errors" name="function 'Add-PsCommand.ps1'.runs without throwing errors(&quot;E:\Owner\Documents\Google Drive\Programs\Scripts\PowerShell\PsRunspace\src\functions\public\Add-PsCommand.ps1&quot;)" time="0.0706" asserts="0" success="True" result="Success" executed="True" />
                </results>
              </test-suite>
            </results>
          </test-suite>
          <test-suite type="TestFixture" name="function 'Add-PsModule.ps1'" executed="True" result="Success" success="True" time="0.4779" asserts="0" description="function 'Add-PsModule.ps1'">
            <results>
              <test-suite type="ParameterizedTest" name="function 'Add-PsModule.ps1'.can be tokenized by the PowerShell parser without any errors" executed="True" result="Success" success="True" time="0.0066" asserts="0" description="can be tokenized by the PowerShell parser without any errors">
                <results>
                  <test-case description="can be tokenized by the PowerShell parser without any errors" name="function 'Add-PsModule.ps1'.can be tokenized by the PowerShell parser without any errors(&quot;E:\Owner\Documents\Google Drive\Programs\Scripts\PowerShell\PsRunspace\src\functions\public\Add-PsModule.ps1&quot;)" time="0.0066" asserts="0" success="True" result="Success" executed="True" />
                </results>
              </test-suite>
              <test-suite type="ParameterizedTest" name="function 'Add-PsModule.ps1'.runs without throwing errors" executed="True" result="Success" success="True" time="0.0239" asserts="0" description="runs without throwing errors">
                <results>
                  <test-case description="runs without throwing errors" name="function 'Add-PsModule.ps1'.runs without throwing errors(&quot;E:\Owner\Documents\Google Drive\Programs\Scripts\PowerShell\PsRunspace\src\functions\public\Add-PsModule.ps1&quot;)" time="0.0239" asserts="0" success="True" result="Success" executed="True" />
                </results>
              </test-suite>
            </results>
          </test-suite>
          <test-suite type="TestFixture" name="function 'Convert-FromPsCommandInfoToString.ps1'" executed="True" result="Success" success="True" time="0.5211" asserts="0" description="function 'Convert-FromPsCommandInfoToString.ps1'">
            <results>
              <test-suite type="ParameterizedTest" name="function 'Convert-FromPsCommandInfoToString.ps1'.can be tokenized by the PowerShell parser without any errors" executed="True" result="Success" success="True" time="0.0093" asserts="0" description="can be tokenized by the PowerShell parser without any errors">
                <results>
                  <test-case description="can be tokenized by the PowerShell parser without any errors" name="function 'Convert-FromPsCommandInfoToString.ps1'.can be tokenized by the PowerShell parser without any errors(&quot;E:\Owner\Documents\Google Drive\Programs\Scripts\PowerShell\PsRunspace\src\functions\public\Convert-FromPsCommandInfoToString.ps1&quot;)" time="0.0093" asserts="0" success="True" result="Success" executed="True" />
                </results>
              </test-suite>
              <test-suite type="ParameterizedTest" name="function 'Convert-FromPsCommandInfoToString.ps1'.runs without throwing errors" executed="True" result="Success" success="True" time="0.0268" asserts="0" description="runs without throwing errors">
                <results>
                  <test-case description="runs without throwing errors" name="function 'Convert-FromPsCommandInfoToString.ps1'.runs without throwing errors(&quot;E:\Owner\Documents\Google Drive\Programs\Scripts\PowerShell\PsRunspace\src\functions\public\Convert-FromPsCommandInfoToString.ps1&quot;)" time="0.0268" asserts="0" success="True" result="Success" executed="True" />
                </results>
              </test-suite>
            </results>
          </test-suite>
          <test-suite type="TestFixture" name="function 'Expand-PsCommandInfo.ps1'" executed="True" result="Success" success="True" time="0.5696" asserts="0" description="function 'Expand-PsCommandInfo.ps1'">
            <results>
              <test-suite type="ParameterizedTest" name="function 'Expand-PsCommandInfo.ps1'.can be tokenized by the PowerShell parser without any errors" executed="True" result="Success" success="True" time="0.0106" asserts="0" description="can be tokenized by the PowerShell parser without any errors">
                <results>
                  <test-case description="can be tokenized by the PowerShell parser without any errors" name="function 'Expand-PsCommandInfo.ps1'.can be tokenized by the PowerShell parser without any errors(&quot;E:\Owner\Documents\Google Drive\Programs\Scripts\PowerShell\PsRunspace\src\functions\public\Expand-PsCommandInfo.ps1&quot;)" time="0.0106" asserts="0" success="True" result="Success" executed="True" />
                </results>
              </test-suite>
              <test-suite type="ParameterizedTest" name="function 'Expand-PsCommandInfo.ps1'.runs without throwing errors" executed="True" result="Success" success="True" time="0.0263" asserts="0" description="runs without throwing errors">
                <results>
                  <test-case description="runs without throwing errors" name="function 'Expand-PsCommandInfo.ps1'.runs without throwing errors(&quot;E:\Owner\Documents\Google Drive\Programs\Scripts\PowerShell\PsRunspace\src\functions\public\Expand-PsCommandInfo.ps1&quot;)" time="0.0263" asserts="0" success="True" result="Success" executed="True" />
                </results>
              </test-suite>
            </results>
          </test-suite>
          <test-suite type="TestFixture" name="function 'Expand-PsToken.ps1'" executed="True" result="Success" success="True" time="0.618" asserts="0" description="function 'Expand-PsToken.ps1'">
            <results>
              <test-suite type="ParameterizedTest" name="function 'Expand-PsToken.ps1'.can be tokenized by the PowerShell parser without any errors" executed="True" result="Success" success="True" time="0.0103" asserts="0" description="can be tokenized by the PowerShell parser without any errors">
                <results>
                  <test-case description="can be tokenized by the PowerShell parser without any errors" name="function 'Expand-PsToken.ps1'.can be tokenized by the PowerShell parser without any errors(&quot;E:\Owner\Documents\Google Drive\Programs\Scripts\PowerShell\PsRunspace\src\functions\public\Expand-PsToken.ps1&quot;)" time="0.0103" asserts="0" success="True" result="Success" executed="True" />
                </results>
              </test-suite>
              <test-suite type="ParameterizedTest" name="function 'Expand-PsToken.ps1'.runs without throwing errors" executed="True" result="Success" success="True" time="0.0268" asserts="0" description="runs without throwing errors">
                <results>
                  <test-case description="runs without throwing errors" name="function 'Expand-PsToken.ps1'.runs without throwing errors(&quot;E:\Owner\Documents\Google Drive\Programs\Scripts\PowerShell\PsRunspace\src\functions\public\Expand-PsToken.ps1&quot;)" time="0.0268" asserts="0" success="True" result="Success" executed="True" />
                </results>
              </test-suite>
            </results>
          </test-suite>
          <test-suite type="TestFixture" name="function 'Get-PsCommandInfo.ps1'" executed="True" result="Success" success="True" time="0.6938" asserts="0" description="function 'Get-PsCommandInfo.ps1'">
            <results>
              <test-suite type="ParameterizedTest" name="function 'Get-PsCommandInfo.ps1'.can be tokenized by the PowerShell parser without any errors" executed="True" result="Success" success="True" time="0.0377" asserts="0" description="can be tokenized by the PowerShell parser without any errors">
                <results>
                  <test-case description="can be tokenized by the PowerShell parser without any errors" name="function 'Get-PsCommandInfo.ps1'.can be tokenized by the PowerShell parser without any errors(&quot;E:\Owner\Documents\Google Drive\Programs\Scripts\PowerShell\PsRunspace\src\functions\public\Get-PsCommandInfo.ps1&quot;)" time="0.0377" asserts="0" success="True" result="Success" executed="True" />
                </results>
              </test-suite>
              <test-suite type="ParameterizedTest" name="function 'Get-PsCommandInfo.ps1'.runs without throwing errors" executed="True" result="Success" success="True" time="0.0276" asserts="0" description="runs without throwing errors">
                <results>
                  <test-case description="runs without throwing errors" name="function 'Get-PsCommandInfo.ps1'.runs without throwing errors(&quot;E:\Owner\Documents\Google Drive\Programs\Scripts\PowerShell\PsRunspace\src\functions\public\Get-PsCommandInfo.ps1&quot;)" time="0.0276" asserts="0" success="True" result="Success" executed="True" />
                </results>
              </test-suite>
            </results>
          </test-suite>
          <test-suite type="TestFixture" name="function 'Open-Thread.ps1'" executed="True" result="Success" success="True" time="0.7403" asserts="0" description="function 'Open-Thread.ps1'">
            <results>
              <test-suite type="ParameterizedTest" name="function 'Open-Thread.ps1'.can be tokenized by the PowerShell parser without any errors" executed="True" result="Success" success="True" time="0.0088" asserts="0" description="can be tokenized by the PowerShell parser without any errors">
                <results>
                  <test-case description="can be tokenized by the PowerShell parser without any errors" name="function 'Open-Thread.ps1'.can be tokenized by the PowerShell parser without any errors(&quot;E:\Owner\Documents\Google Drive\Programs\Scripts\PowerShell\PsRunspace\src\functions\public\Open-Thread.ps1&quot;)" time="0.0088" asserts="0" success="True" result="Success" executed="True" />
                </results>
              </test-suite>
              <test-suite type="ParameterizedTest" name="function 'Open-Thread.ps1'.runs without throwing errors" executed="True" result="Success" success="True" time="0.0307" asserts="0" description="runs without throwing errors">
                <results>
                  <test-case description="runs without throwing errors" name="function 'Open-Thread.ps1'.runs without throwing errors(&quot;E:\Owner\Documents\Google Drive\Programs\Scripts\PowerShell\PsRunspace\src\functions\public\Open-Thread.ps1&quot;)" time="0.0307" asserts="0" success="True" result="Success" executed="True" />
                </results>
              </test-suite>
            </results>
          </test-suite>
          <test-suite type="TestFixture" name="function 'Split-Thread.ps1'" executed="True" result="Success" success="True" time="0.7931" asserts="0" description="function 'Split-Thread.ps1'">
            <results>
              <test-suite type="ParameterizedTest" name="function 'Split-Thread.ps1'.can be tokenized by the PowerShell parser without any errors" executed="True" result="Success" success="True" time="0.0161" asserts="0" description="can be tokenized by the PowerShell parser without any errors">
                <results>
                  <test-case description="can be tokenized by the PowerShell parser without any errors" name="function 'Split-Thread.ps1'.can be tokenized by the PowerShell parser without any errors(&quot;E:\Owner\Documents\Google Drive\Programs\Scripts\PowerShell\PsRunspace\src\functions\public\Split-Thread.ps1&quot;)" time="0.0161" asserts="0" success="True" result="Success" executed="True" />
                </results>
              </test-suite>
              <test-suite type="ParameterizedTest" name="function 'Split-Thread.ps1'.runs without throwing errors" executed="True" result="Success" success="True" time="0.0309" asserts="0" description="runs without throwing errors">
                <results>
                  <test-case description="runs without throwing errors" name="function 'Split-Thread.ps1'.runs without throwing errors(&quot;E:\Owner\Documents\Google Drive\Programs\Scripts\PowerShell\PsRunspace\src\functions\public\Split-Thread.ps1&quot;)" time="0.0309" asserts="0" success="True" result="Success" executed="True" />
                </results>
              </test-suite>
            </results>
          </test-suite>
          <test-suite type="TestFixture" name="function 'Wait-Thread.ps1'" executed="True" result="Success" success="True" time="0.8591" asserts="0" description="function 'Wait-Thread.ps1'">
            <results>
              <test-suite type="ParameterizedTest" name="function 'Wait-Thread.ps1'.can be tokenized by the PowerShell parser without any errors" executed="True" result="Success" success="True" time="0.0091" asserts="0" description="can be tokenized by the PowerShell parser without any errors">
                <results>
                  <test-case description="can be tokenized by the PowerShell parser without any errors" name="function 'Wait-Thread.ps1'.can be tokenized by the PowerShell parser without any errors(&quot;E:\Owner\Documents\Google Drive\Programs\Scripts\PowerShell\PsRunspace\src\functions\public\Wait-Thread.ps1&quot;)" time="0.0091" asserts="0" success="True" result="Success" executed="True" />
                </results>
              </test-suite>
              <test-suite type="ParameterizedTest" name="function 'Wait-Thread.ps1'.runs without throwing errors" executed="True" result="Success" success="True" time="0.045" asserts="0" description="runs without throwing errors">
                <results>
                  <test-case description="runs without throwing errors" name="function 'Wait-Thread.ps1'.runs without throwing errors(&quot;E:\Owner\Documents\Google Drive\Programs\Scripts\PowerShell\PsRunspace\src\functions\public\Wait-Thread.ps1&quot;)" time="0.045" asserts="0" success="True" result="Success" executed="True" />
                </results>
              </test-suite>
            </results>
          </test-suite>
        </results>
      </test-suite>
      <test-suite type="TestFixture" name="E:\Owner\Documents\Google Drive\Programs\Scripts\PowerShell\PsRunspace\tests\Help.tests.ps1" executed="True" result="Failure" success="False" time="3.4765" asserts="0" description="E:\Owner\Documents\Google Drive\Programs\Scripts\PowerShell\PsRunspace\tests\Help.tests.ps1">
        <results>
          <test-suite type="TestFixture" name="help for Add-PsCommand" executed="True" result="Failure" success="False" time="0.7298" asserts="0" description="help for Add-PsCommand">
            <results>
              <test-suite type="TestFixture" name="help for Add-PsCommand.- Help for parameter 'Command'" executed="True" result="Success" success="True" time="0.1889" asserts="0" description="help for Add-PsCommand.- Help for parameter 'Command'">
                <results>
                  <test-case description="has a description" name="help for Add-PsCommand.- Help for parameter 'Command'.has a description" time="0.0214" asserts="0" success="True" result="Success" executed="True" />
                  <test-case description="has the correct [mandatory] value" name="help for Add-PsCommand.- Help for parameter 'Command'.has the correct [mandatory] value" time="0.0209" asserts="0" success="True" result="Success" executed="True" />
                  <test-case description="has the correct parameter type" name="help for Add-PsCommand.- Help for parameter 'Command'.has the correct parameter type" time="0.0227" asserts="0" success="True" result="Success" executed="True" />
                </results>
              </test-suite>
              <test-suite type="TestFixture" name="help for Add-PsCommand.- Help for parameter 'CommandInfo'" executed="True" result="Success" success="True" time="0.2128" asserts="0" description="help for Add-PsCommand.- Help for parameter 'CommandInfo'">
                <results>
                  <test-case description="has a description" name="help for Add-PsCommand.- Help for parameter 'CommandInfo'.has a description" time="0.0082" asserts="0" success="True" result="Success" executed="True" />
                  <test-case description="has the correct [mandatory] value" name="help for Add-PsCommand.- Help for parameter 'CommandInfo'.has the correct [mandatory] value" time="0.0048" asserts="0" success="True" result="Success" executed="True" />
                  <test-case description="has the correct parameter type" name="help for Add-PsCommand.- Help for parameter 'CommandInfo'.has the correct parameter type" time="0.004" asserts="0" success="True" result="Success" executed="True" />
                </results>
              </test-suite>
              <test-suite type="TestFixture" name="help for Add-PsCommand.- Help for parameter 'DebugOutputStream'" executed="True" result="Success" success="True" time="0.2342" asserts="0" description="help for Add-PsCommand.- Help for parameter 'DebugOutputStream'">
                <results>
                  <test-case description="has a description" name="help for Add-PsCommand.- Help for parameter 'DebugOutputStream'.has a description" time="0.006" asserts="0" success="True" result="Success" executed="True" />
                  <test-case description="has the correct [mandatory] value" name="help for Add-PsCommand.- Help for parameter 'DebugOutputStream'.has the correct [mandatory] value" time="0.0037" asserts="0" success="True" result="Success" executed="True" />
                  <test-case description="has the correct parameter type" name="help for Add-PsCommand.- Help for parameter 'DebugOutputStream'.has the correct parameter type" time="0.0048" asserts="0" success="True" result="Success" executed="True" />
                </results>
              </test-suite>
              <test-suite type="TestFixture" name="help for Add-PsCommand.- Help for parameter 'Force'" executed="True" result="Success" success="True" time="0.3279" asserts="0" description="help for Add-PsCommand.- Help for parameter 'Force'">
                <results>
                  <test-case description="has a description" name="help for Add-PsCommand.- Help for parameter 'Force'.has a description" time="0.0045" asserts="0" success="True" result="Success" executed="True" />
                  <test-case description="has the correct [mandatory] value" name="help for Add-PsCommand.- Help for parameter 'Force'.has the correct [mandatory] value" time="0.0606" asserts="0" success="True" result="Success" executed="True" />
                  <test-case description="has the correct parameter type" name="help for Add-PsCommand.- Help for parameter 'Force'.has the correct parameter type" time="0.0172" asserts="0" success="True" result="Success" executed="True" />
                </results>
              </test-suite>
              <test-suite type="TestFixture" name="help for Add-PsCommand.- Help for parameter 'LogBuffer'" executed="True" result="Success" success="True" time="0.4091" asserts="0" description="help for Add-PsCommand.- Help for parameter 'LogBuffer'">
                <results>
                  <test-case description="has a description" name="help for Add-PsCommand.- Help for parameter 'LogBuffer'.has a description" time="0.0623" asserts="0" success="True" result="Success" executed="True" />
                  <test-case description="has the correct [mandatory] value" name="help for Add-PsCommand.- Help for parameter 'LogBuffer'.has the correct [mandatory] value" time="0.0052" asserts="0" success="True" result="Success" executed="True" />
                  <test-case description="has the correct parameter type" name="help for Add-PsCommand.- Help for parameter 'LogBuffer'.has the correct parameter type" time="0.0054" asserts="0" success="True" result="Success" executed="True" />
                </results>
              </test-suite>
              <test-suite type="TestFixture" name="help for Add-PsCommand.- Help for parameter 'PowershellInterface'" executed="True" result="Success" success="True" time="0.4561" asserts="0" description="help for Add-PsCommand.- Help for parameter 'PowershellInterface'">
                <results>
                  <test-case description="has a description" name="help for Add-PsCommand.- Help for parameter 'PowershellInterface'.has a description" time="0.0089" asserts="0" success="True" result="Success" executed="True" />
                  <test-case description="has the correct [mandatory] value" name="help for Add-PsCommand.- Help for parameter 'PowershellInterface'.has the correct [mandatory] value" time="0.0037" asserts="0" success="True" result="Success" executed="True" />
                  <test-case description="has the correct parameter type" name="help for Add-PsCommand.- Help for parameter 'PowershellInterface'.has the correct parameter type" time="0.0095" asserts="0" success="True" result="Success" executed="True" />
                </results>
              </test-suite>
              <test-suite type="TestFixture" name="help for Add-PsCommand.- Help for parameter 'ProgressAction'" executed="True" result="Failure" success="False" time="0.6117" asserts="0" description="help for Add-PsCommand.- Help for parameter 'ProgressAction'">
                <results>
                  <test-case description="has a description" name="help for Add-PsCommand.- Help for parameter 'ProgressAction'.has a description" time="0.1146" asserts="0" success="False" result="Failure" executed="True">
                    <failure>
                      <message>Expected a value, but got $null or empty.</message>
                      <stack-trace>at $parameterHelp.Description.Text | Should -Not -BeNullOrEmpty, E:\Owner\Documents\Google Drive\Programs\Scripts\PowerShell\PsRunspace\tests\Help.tests.ps1:103
at &lt;ScriptBlock&gt;, E:\Owner\Documents\Google Drive\Programs\Scripts\PowerShell\PsRunspace\tests\Help.tests.ps1:103</stack-trace>
                    </failure>
                  </test-case>
                  <test-case description="has the correct [mandatory] value" name="help for Add-PsCommand.- Help for parameter 'ProgressAction'.has the correct [mandatory] value" time="0.0167" asserts="0" success="False" result="Failure" executed="True">
                    <failure>
                      <message>Expected 'False', but got $null.</message>
                      <stack-trace>at $parameterHelp.Required | Should -Be $codeMandatory, E:\Owner\Documents\Google Drive\Programs\Scripts\PowerShell\PsRunspace\tests\Help.tests.ps1:109
at &lt;ScriptBlock&gt;, E:\Owner\Documents\Google Drive\Programs\Scripts\PowerShell\PsRunspace\tests\Help.tests.ps1:109</stack-trace>
                    </failure>
                  </test-case>
                  <test-case description="has the correct parameter type" name="help for Add-PsCommand.- Help for parameter 'ProgressAction'.has the correct parameter type" time="0.0105" asserts="0" success="False" result="Failure" executed="True">
                    <failure>
                      <message>Expected 'ActionPreference', but got $null.</message>
                      <stack-trace>at $parameterHelpType | Should -Be $parameter.ParameterType.Name, E:\Owner\Documents\Google Drive\Programs\Scripts\PowerShell\PsRunspace\tests\Help.tests.ps1:114
at &lt;ScriptBlock&gt;, E:\Owner\Documents\Google Drive\Programs\Scripts\PowerShell\PsRunspace\tests\Help.tests.ps1:114</stack-trace>
                    </failure>
                  </test-case>
                </results>
              </test-suite>
              <test-suite type="TestFixture" name="help for Add-PsCommand.- Help for parameter 'TodaysHostname'" executed="True" result="Success" success="True" time="0.6439" asserts="0" description="help for Add-PsCommand.- Help for parameter 'TodaysHostname'">
                <results>
                  <test-case description="has a description" name="help for Add-PsCommand.- Help for parameter 'TodaysHostname'.has a description" time="0.0049" asserts="0" success="True" result="Success" executed="True" />
                  <test-case description="has the correct [mandatory] value" name="help for Add-PsCommand.- Help for parameter 'TodaysHostname'.has the correct [mandatory] value" time="0.0044" asserts="0" success="True" result="Success" executed="True" />
                  <test-case description="has the correct parameter type" name="help for Add-PsCommand.- Help for parameter 'TodaysHostname'.has the correct parameter type" time="0.0107" asserts="0" success="True" result="Success" executed="True" />
                </results>
              </test-suite>
              <test-suite type="TestFixture" name="help for Add-PsCommand.- Help for parameter 'WhoAmI'" executed="True" result="Success" success="True" time="0.6674" asserts="0" description="help for Add-PsCommand.- Help for parameter 'WhoAmI'">
                <results>
                  <test-case description="has a description" name="help for Add-PsCommand.- Help for parameter 'WhoAmI'.has a description" time="0.0046" asserts="0" success="True" result="Success" executed="True" />
                  <test-case description="has the correct [mandatory] value" name="help for Add-PsCommand.- Help for parameter 'WhoAmI'.has the correct [mandatory] value" time="0.0048" asserts="0" success="True" result="Success" executed="True" />
                  <test-case description="has the correct parameter type" name="help for Add-PsCommand.- Help for parameter 'WhoAmI'.has the correct parameter type" time="0.0054" asserts="0" success="True" result="Success" executed="True" />
                </results>
              </test-suite>
              <test-case description="is not auto-generated" name="help for Add-PsCommand.is not auto-generated" time="0.0209" asserts="0" success="True" result="Success" executed="True" />
              <test-case description="has a description" name="help for Add-PsCommand.has a description" time="0.0239" asserts="0" success="True" result="Success" executed="True" />
              <test-case description="has example code" name="help for Add-PsCommand.has example code" time="0.0208" asserts="0" success="True" result="Success" executed="True" />
              <test-case description="has example help" name="help for Add-PsCommand.has example help" time="0.0175" asserts="0" success="True" result="Success" executed="True" />
            </results>
          </test-suite>
          <test-suite type="TestFixture" name="help for Add-PsModule" executed="True" result="Failure" success="False" time="1.0065" asserts="0" description="help for Add-PsModule">
            <results>
              <test-suite type="TestFixture" name="help for Add-PsModule.- Help for parameter 'DebugOutputStream'" executed="True" result="Success" success="True" time="0.0596" asserts="0" description="help for Add-PsModule.- Help for parameter 'DebugOutputStream'">
                <results>
                  <test-case description="has a description" name="help for Add-PsModule.- Help for parameter 'DebugOutputStream'.has a description" time="0.0062" asserts="0" success="True" result="Success" executed="True" />
                  <test-case description="has the correct [mandatory] value" name="help for Add-PsModule.- Help for parameter 'DebugOutputStream'.has the correct [mandatory] value" time="0.0041" asserts="0" success="True" result="Success" executed="True" />
                  <test-case description="has the correct parameter type" name="help for Add-PsModule.- Help for parameter 'DebugOutputStream'.has the correct parameter type" time="0.0054" asserts="0" success="True" result="Success" executed="True" />
                </results>
              </test-suite>
              <test-suite type="TestFixture" name="help for Add-PsModule.- Help for parameter 'InitialSessionState'" executed="True" result="Success" success="True" time="0.0884" asserts="0" description="help for Add-PsModule.- Help for parameter 'InitialSessionState'">
                <results>
                  <test-case description="has a description" name="help for Add-PsModule.- Help for parameter 'InitialSessionState'.has a description" time="0.0078" asserts="0" success="True" result="Success" executed="True" />
                  <test-case description="has the correct [mandatory] value" name="help for Add-PsModule.- Help for parameter 'InitialSessionState'.has the correct [mandatory] value" time="0.0051" asserts="0" success="True" result="Success" executed="True" />
                  <test-case description="has the correct parameter type" name="help for Add-PsModule.- Help for parameter 'InitialSessionState'.has the correct parameter type" time="0.0044" asserts="0" success="True" result="Success" executed="True" />
                </results>
              </test-suite>
              <test-suite type="TestFixture" name="help for Add-PsModule.- Help for parameter 'LogBuffer'" executed="True" result="Success" success="True" time="0.1183" asserts="0" description="help for Add-PsModule.- Help for parameter 'LogBuffer'">
                <results>
                  <test-case description="has a description" name="help for Add-PsModule.- Help for parameter 'LogBuffer'.has a description" time="0.0042" asserts="0" success="True" result="Success" executed="True" />
                  <test-case description="has the correct [mandatory] value" name="help for Add-PsModule.- Help for parameter 'LogBuffer'.has the correct [mandatory] value" time="0.01" asserts="0" success="True" result="Success" executed="True" />
                  <test-case description="has the correct parameter type" name="help for Add-PsModule.- Help for parameter 'LogBuffer'.has the correct parameter type" time="0.0048" asserts="0" success="True" result="Success" executed="True" />
                </results>
              </test-suite>
              <test-suite type="TestFixture" name="help for Add-PsModule.- Help for parameter 'ModuleInfo'" executed="True" result="Success" success="True" time="0.1509" asserts="0" description="help for Add-PsModule.- Help for parameter 'ModuleInfo'">
                <results>
                  <test-case description="has a description" name="help for Add-PsModule.- Help for parameter 'ModuleInfo'.has a description" time="0.0049" asserts="0" success="True" result="Success" executed="True" />
                  <test-case description="has the correct [mandatory] value" name="help for Add-PsModule.- Help for parameter 'ModuleInfo'.has the correct [mandatory] value" time="0.0068" asserts="0" success="True" result="Success" executed="True" />
                  <test-case description="has the correct parameter type" name="help for Add-PsModule.- Help for parameter 'ModuleInfo'.has the correct parameter type" time="0.0107" asserts="0" success="True" result="Success" executed="True" />
                </results>
              </test-suite>
              <test-suite type="TestFixture" name="help for Add-PsModule.- Help for parameter 'ProgressAction'" executed="True" result="Failure" success="False" time="0.1904" asserts="0" description="help for Add-PsModule.- Help for parameter 'ProgressAction'">
                <results>
                  <test-case description="has a description" name="help for Add-PsModule.- Help for parameter 'ProgressAction'.has a description" time="0.0083" asserts="0" success="False" result="Failure" executed="True">
                    <failure>
                      <message>Expected a value, but got $null or empty.</message>
                      <stack-trace>at $parameterHelp.Description.Text | Should -Not -BeNullOrEmpty, E:\Owner\Documents\Google Drive\Programs\Scripts\PowerShell\PsRunspace\tests\Help.tests.ps1:103
at &lt;ScriptBlock&gt;, E:\Owner\Documents\Google Drive\Programs\Scripts\PowerShell\PsRunspace\tests\Help.tests.ps1:103</stack-trace>
                    </failure>
                  </test-case>
                  <test-case description="has the correct [mandatory] value" name="help for Add-PsModule.- Help for parameter 'ProgressAction'.has the correct [mandatory] value" time="0.0113" asserts="0" success="False" result="Failure" executed="True">
                    <failure>
                      <message>Expected 'False', but got $null.</message>
                      <stack-trace>at $parameterHelp.Required | Should -Be $codeMandatory, E:\Owner\Documents\Google Drive\Programs\Scripts\PowerShell\PsRunspace\tests\Help.tests.ps1:109
at &lt;ScriptBlock&gt;, E:\Owner\Documents\Google Drive\Programs\Scripts\PowerShell\PsRunspace\tests\Help.tests.ps1:109</stack-trace>
                    </failure>
                  </test-case>
                  <test-case description="has the correct parameter type" name="help for Add-PsModule.- Help for parameter 'ProgressAction'.has the correct parameter type" time="0.0133" asserts="0" success="False" result="Failure" executed="True">
                    <failure>
                      <message>Expected 'ActionPreference', but got $null.</message>
                      <stack-trace>at $parameterHelpType | Should -Be $parameter.ParameterType.Name, E:\Owner\Documents\Google Drive\Programs\Scripts\PowerShell\PsRunspace\tests\Help.tests.ps1:114
at &lt;ScriptBlock&gt;, E:\Owner\Documents\Google Drive\Programs\Scripts\PowerShell\PsRunspace\tests\Help.tests.ps1:114</stack-trace>
                    </failure>
                  </test-case>
                </results>
              </test-suite>
              <test-suite type="TestFixture" name="help for Add-PsModule.- Help for parameter 'TodaysHostname'" executed="True" result="Success" success="True" time="0.2145" asserts="0" description="help for Add-PsModule.- Help for parameter 'TodaysHostname'">
                <results>
                  <test-case description="has a description" name="help for Add-PsModule.- Help for parameter 'TodaysHostname'.has a description" time="0.0052" asserts="0" success="True" result="Success" executed="True" />
                  <test-case description="has the correct [mandatory] value" name="help for Add-PsModule.- Help for parameter 'TodaysHostname'.has the correct [mandatory] value" time="0.0057" asserts="0" success="True" result="Success" executed="True" />
                  <test-case description="has the correct parameter type" name="help for Add-PsModule.- Help for parameter 'TodaysHostname'.has the correct parameter type" time="0.0043" asserts="0" success="True" result="Success" executed="True" />
                </results>
              </test-suite>
              <test-suite type="TestFixture" name="help for Add-PsModule.- Help for parameter 'WhoAmI'" executed="True" result="Success" success="True" time="0.2453" asserts="0" description="help for Add-PsModule.- Help for parameter 'WhoAmI'">
                <results>
                  <test-case description="has a description" name="help for Add-PsModule.- Help for parameter 'WhoAmI'.has a description" time="0.0085" asserts="0" success="True" result="Success" executed="True" />
                  <test-case description="has the correct [mandatory] value" name="help for Add-PsModule.- Help for parameter 'WhoAmI'.has the correct [mandatory] value" time="0.0062" asserts="0" success="True" result="Success" executed="True" />
                  <test-case description="has the correct parameter type" name="help for Add-PsModule.- Help for parameter 'WhoAmI'.has the correct parameter type" time="0.0047" asserts="0" success="True" result="Success" executed="True" />
                </results>
              </test-suite>
              <test-case description="is not auto-generated" name="help for Add-PsModule.is not auto-generated" time="0.0065" asserts="0" success="True" result="Success" executed="True" />
              <test-case description="has a description" name="help for Add-PsModule.has a description" time="0.0041" asserts="0" success="True" result="Success" executed="True" />
              <test-case description="has example code" name="help for Add-PsModule.has example code" time="0.0044" asserts="0" success="True" result="Success" executed="True" />
              <test-case description="has example help" name="help for Add-PsModule.has example help" time="0.0114" asserts="0" success="False" result="Failure" executed="True">
                <failure>
                  <message>Expected a value, but got $null or empty.</message>
                  <stack-trace>at ($commandHelp.Examples.Example.Remarks | Select-Object -First 1).Text | Should -Not -BeNullOrEmpty, E:\Owner\Documents\Google Drive\Programs\Scripts\PowerShell\PsRunspace\tests\Help.tests.ps1:85
at &lt;ScriptBlock&gt;, E:\Owner\Documents\Google Drive\Programs\Scripts\PowerShell\PsRunspace\tests\Help.tests.ps1:85</stack-trace>
                </failure>
              </test-case>
            </results>
          </test-suite>
          <test-suite type="TestFixture" name="help for Convert-FromPsCommandInfoToString" executed="True" result="Failure" success="False" time="1.4147" asserts="0" description="help for Convert-FromPsCommandInfoToString">
            <results>
              <test-suite type="TestFixture" name="help for Convert-FromPsCommandInfoToString.- Help for parameter 'CommandInfo'" executed="True" result="Failure" success="False" time="0.0781" asserts="0" description="help for Convert-FromPsCommandInfoToString.- Help for parameter 'CommandInfo'">
                <results>
                  <test-case description="has a description" name="help for Convert-FromPsCommandInfoToString.- Help for parameter 'CommandInfo'.has a description" time="0.0046" asserts="0" success="True" result="Success" executed="True" />
                  <test-case description="has the correct [mandatory] value" name="help for Convert-FromPsCommandInfoToString.- Help for parameter 'CommandInfo'.has the correct [mandatory] value" time="0.0054" asserts="0" success="True" result="Success" executed="True" />
                  <test-case description="has the correct parameter type" name="help for Convert-FromPsCommandInfoToString.- Help for parameter 'CommandInfo'.has the correct parameter type" time="0.0335" asserts="0" success="False" result="Failure" executed="True">
                    <failure>
                      <message>Expected strings to be the same, but they were different.
Expected length: 10
Actual length:   39
Strings differ at index 0.
Expected: 'PSObject[]'
But was:  'System.Management.Automation.PSObject[]'
           ^</message>
                      <stack-trace>at $parameterHelpType | Should -Be $parameter.ParameterType.Name, E:\Owner\Documents\Google Drive\Programs\Scripts\PowerShell\PsRunspace\tests\Help.tests.ps1:114
at &lt;ScriptBlock&gt;, E:\Owner\Documents\Google Drive\Programs\Scripts\PowerShell\PsRunspace\tests\Help.tests.ps1:114</stack-trace>
                    </failure>
                  </test-case>
                </results>
              </test-suite>
              <test-suite type="TestFixture" name="help for Convert-FromPsCommandInfoToString.- Help for parameter 'DebugOutputStream'" executed="True" result="Failure" success="False" time="0.1057" asserts="0" description="help for Convert-FromPsCommandInfoToString.- Help for parameter 'DebugOutputStream'">
                <results>
                  <test-case description="has a description" name="help for Convert-FromPsCommandInfoToString.- Help for parameter 'DebugOutputStream'.has a description" time="0.0046" asserts="0" success="True" result="Success" executed="True" />
                  <test-case description="has the correct [mandatory] value" name="help for Convert-FromPsCommandInfoToString.- Help for parameter 'DebugOutputStream'.has the correct [mandatory] value" time="0.0042" asserts="0" success="True" result="Success" executed="True" />
                  <test-case description="has the correct parameter type" name="help for Convert-FromPsCommandInfoToString.- Help for parameter 'DebugOutputStream'.has the correct parameter type" time="0.0107" asserts="0" success="False" result="Failure" executed="True">
                    <failure>
                      <message>Expected strings to be the same, but they were different.
Expected length: 6
Actual length:   13
Strings differ at index 1.
Expected: 'String'
But was:  'System.String'
           -^</message>
                      <stack-trace>at $parameterHelpType | Should -Be $parameter.ParameterType.Name, E:\Owner\Documents\Google Drive\Programs\Scripts\PowerShell\PsRunspace\tests\Help.tests.ps1:114
at &lt;ScriptBlock&gt;, E:\Owner\Documents\Google Drive\Programs\Scripts\PowerShell\PsRunspace\tests\Help.tests.ps1:114</stack-trace>
                    </failure>
                  </test-case>
                </results>
              </test-suite>
              <test-suite type="TestFixture" name="help for Convert-FromPsCommandInfoToString.- Help for parameter 'LogBuffer'" executed="True" result="Failure" success="False" time="0.1479" asserts="0" description="help for Convert-FromPsCommandInfoToString.- Help for parameter 'LogBuffer'">
                <results>
                  <test-case description="has a description" name="help for Convert-FromPsCommandInfoToString.- Help for parameter 'LogBuffer'.has a description" time="0.0083" asserts="0" success="True" result="Success" executed="True" />
                  <test-case description="has the correct [mandatory] value" name="help for Convert-FromPsCommandInfoToString.- Help for parameter 'LogBuffer'.has the correct [mandatory] value" time="0.0057" asserts="0" success="True" result="Success" executed="True" />
                  <test-case description="has the correct parameter type" name="help for Convert-FromPsCommandInfoToString.- Help for parameter 'LogBuffer'.has the correct parameter type" time="0.011" asserts="0" success="False" result="Failure" executed="True">
                    <failure>
                      <message>Expected strings to be the same, but they were different.
Expected length: 9
Actual length:   28
Strings differ at index 0.
Expected: 'Hashtable'
But was:  'System.Collections.Hashtable'
           ^</message>
                      <stack-trace>at $parameterHelpType | Should -Be $parameter.ParameterType.Name, E:\Owner\Documents\Google Drive\Programs\Scripts\PowerShell\PsRunspace\tests\Help.tests.ps1:114
at &lt;ScriptBlock&gt;, E:\Owner\Documents\Google Drive\Programs\Scripts\PowerShell\PsRunspace\tests\Help.tests.ps1:114</stack-trace>
                    </failure>
                  </test-case>
                </results>
              </test-suite>
              <test-suite type="TestFixture" name="help for Convert-FromPsCommandInfoToString.- Help for parameter 'ProgressAction'" executed="True" result="Failure" success="False" time="0.1828" asserts="0" description="help for Convert-FromPsCommandInfoToString.- Help for parameter 'ProgressAction'">
                <results>
                  <test-case description="has a description" name="help for Convert-FromPsCommandInfoToString.- Help for parameter 'ProgressAction'.has a description" time="0.0064" asserts="0" success="True" result="Success" executed="True" />
                  <test-case description="has the correct [mandatory] value" name="help for Convert-FromPsCommandInfoToString.- Help for parameter 'ProgressAction'.has the correct [mandatory] value" time="0.0038" asserts="0" success="True" result="Success" executed="True" />
                  <test-case description="has the correct parameter type" name="help for Convert-FromPsCommandInfoToString.- Help for parameter 'ProgressAction'.has the correct parameter type" time="0.0141" asserts="0" success="False" result="Failure" executed="True">
                    <failure>
                      <message>Expected strings to be the same, but they were different.
Expected length: 16
Actual length:   45
Strings differ at index 0.
Expected: 'ActionPreference'
But was:  'System.Management.Automation.ActionPreference'
           ^</message>
                      <stack-trace>at $parameterHelpType | Should -Be $parameter.ParameterType.Name, E:\Owner\Documents\Google Drive\Programs\Scripts\PowerShell\PsRunspace\tests\Help.tests.ps1:114
at &lt;ScriptBlock&gt;, E:\Owner\Documents\Google Drive\Programs\Scripts\PowerShell\PsRunspace\tests\Help.tests.ps1:114</stack-trace>
                    </failure>
                  </test-case>
                </results>
              </test-suite>
              <test-suite type="TestFixture" name="help for Convert-FromPsCommandInfoToString.- Help for parameter 'TodaysHostname'" executed="True" result="Failure" success="False" time="0.3017" asserts="0" description="help for Convert-FromPsCommandInfoToString.- Help for parameter 'TodaysHostname'">
                <results>
                  <test-case description="has a description" name="help for Convert-FromPsCommandInfoToString.- Help for parameter 'TodaysHostname'.has a description" time="0.0074" asserts="0" success="True" result="Success" executed="True" />
                  <test-case description="has the correct [mandatory] value" name="help for Convert-FromPsCommandInfoToString.- Help for parameter 'TodaysHostname'.has the correct [mandatory] value" time="0.0046" asserts="0" success="True" result="Success" executed="True" />
                  <test-case description="has the correct parameter type" name="help for Convert-FromPsCommandInfoToString.- Help for parameter 'TodaysHostname'.has the correct parameter type" time="0.0918" asserts="0" success="False" result="Failure" executed="True">
                    <failure>
                      <message>Expected strings to be the same, but they were different.
Expected length: 6
Actual length:   13
Strings differ at index 1.
Expected: 'String'
But was:  'System.String'
           -^</message>
                      <stack-trace>at $parameterHelpType | Should -Be $parameter.ParameterType.Name, E:\Owner\Documents\Google Drive\Programs\Scripts\PowerShell\PsRunspace\tests\Help.tests.ps1:114
at &lt;ScriptBlock&gt;, E:\Owner\Documents\Google Drive\Programs\Scripts\PowerShell\PsRunspace\tests\Help.tests.ps1:114</stack-trace>
                    </failure>
                  </test-case>
                </results>
              </test-suite>
              <test-suite type="TestFixture" name="help for Convert-FromPsCommandInfoToString.- Help for parameter 'WhoAmI'" executed="True" result="Failure" success="False" time="0.3906" asserts="0" description="help for Convert-FromPsCommandInfoToString.- Help for parameter 'WhoAmI'">
                <results>
                  <test-case description="has a description" name="help for Convert-FromPsCommandInfoToString.- Help for parameter 'WhoAmI'.has a description" time="0.0397" asserts="0" success="True" result="Success" executed="True" />
                  <test-case description="has the correct [mandatory] value" name="help for Convert-FromPsCommandInfoToString.- Help for parameter 'WhoAmI'.has the correct [mandatory] value" time="0.0085" asserts="0" success="True" result="Success" executed="True" />
                  <test-case description="has the correct parameter type" name="help for Convert-FromPsCommandInfoToString.- Help for parameter 'WhoAmI'.has the correct parameter type" time="0.0223" asserts="0" success="False" result="Failure" executed="True">
                    <failure>
                      <message>Expected strings to be the same, but they were different.
Expected length: 6
Actual length:   13
Strings differ at index 1.
Expected: 'String'
But was:  'System.String'
           -^</message>
                      <stack-trace>at $parameterHelpType | Should -Be $parameter.ParameterType.Name, E:\Owner\Documents\Google Drive\Programs\Scripts\PowerShell\PsRunspace\tests\Help.tests.ps1:114
at &lt;ScriptBlock&gt;, E:\Owner\Documents\Google Drive\Programs\Scripts\PowerShell\PsRunspace\tests\Help.tests.ps1:114</stack-trace>
                    </failure>
                  </test-case>
                </results>
              </test-suite>
              <test-case description="is not auto-generated" name="help for Convert-FromPsCommandInfoToString.is not auto-generated" time="0.0075" asserts="0" success="True" result="Success" executed="True" />
              <test-case description="has a description" name="help for Convert-FromPsCommandInfoToString.has a description" time="0.0108" asserts="0" success="True" result="Success" executed="True" />
              <test-case description="has example code" name="help for Convert-FromPsCommandInfoToString.has example code" time="0.0053" asserts="0" success="True" result="Success" executed="True" />
              <test-case description="has example help" name="help for Convert-FromPsCommandInfoToString.has example help" time="0.0045" asserts="0" success="True" result="Success" executed="True" />
            </results>
          </test-suite>
          <test-suite type="TestFixture" name="help for Expand-PsCommandInfo" executed="True" result="Failure" success="False" time="1.6242" asserts="0" description="help for Expand-PsCommandInfo">
            <results>
              <test-suite type="TestFixture" name="help for Expand-PsCommandInfo.- Help for parameter 'Cache'" executed="True" result="Success" success="True" time="0.0652" asserts="0" description="help for Expand-PsCommandInfo.- Help for parameter 'Cache'">
                <results>
                  <test-case description="has a description" name="help for Expand-PsCommandInfo.- Help for parameter 'Cache'.has a description" time="0.0053" asserts="0" success="True" result="Success" executed="True" />
                  <test-case description="has the correct [mandatory] value" name="help for Expand-PsCommandInfo.- Help for parameter 'Cache'.has the correct [mandatory] value" time="0.0042" asserts="0" success="True" result="Success" executed="True" />
                  <test-case description="has the correct parameter type" name="help for Expand-PsCommandInfo.- Help for parameter 'Cache'.has the correct parameter type" time="0.004" asserts="0" success="True" result="Success" executed="True" />
                </results>
              </test-suite>
              <test-suite type="TestFixture" name="help for Expand-PsCommandInfo.- Help for parameter 'DebugOutputStream'" executed="True" result="Success" success="True" time="0.0896" asserts="0" description="help for Expand-PsCommandInfo.- Help for parameter 'DebugOutputStream'">
                <results>
                  <test-case description="has a description" name="help for Expand-PsCommandInfo.- Help for parameter 'DebugOutputStream'.has a description" time="0.0051" asserts="0" success="True" result="Success" executed="True" />
                  <test-case description="has the correct [mandatory] value" name="help for Expand-PsCommandInfo.- Help for parameter 'DebugOutputStream'.has the correct [mandatory] value" time="0.0066" asserts="0" success="True" result="Success" executed="True" />
                  <test-case description="has the correct parameter type" name="help for Expand-PsCommandInfo.- Help for parameter 'DebugOutputStream'.has the correct parameter type" time="0.0057" asserts="0" success="True" result="Success" executed="True" />
                </results>
              </test-suite>
              <test-suite type="TestFixture" name="help for Expand-PsCommandInfo.- Help for parameter 'LogBuffer'" executed="True" result="Success" success="True" time="0.1124" asserts="0" description="help for Expand-PsCommandInfo.- Help for parameter 'LogBuffer'">
                <results>
                  <test-case description="has a description" name="help for Expand-PsCommandInfo.- Help for parameter 'LogBuffer'.has a description" time="0.005" asserts="0" success="True" result="Success" executed="True" />
                  <test-case description="has the correct [mandatory] value" name="help for Expand-PsCommandInfo.- Help for parameter 'LogBuffer'.has the correct [mandatory] value" time="0.006" asserts="0" success="True" result="Success" executed="True" />
                  <test-case description="has the correct parameter type" name="help for Expand-PsCommandInfo.- Help for parameter 'LogBuffer'.has the correct parameter type" time="0.0032" asserts="0" success="True" result="Success" executed="True" />
                </results>
              </test-suite>
              <test-suite type="TestFixture" name="help for Expand-PsCommandInfo.- Help for parameter 'PsCommandInfo'" executed="True" result="Success" success="True" time="0.1351" asserts="0" description="help for Expand-PsCommandInfo.- Help for parameter 'PsCommandInfo'">
                <results>
                  <test-case description="has a description" name="help for Expand-PsCommandInfo.- Help for parameter 'PsCommandInfo'.has a description" time="0.0063" asserts="0" success="True" result="Success" executed="True" />
                  <test-case description="has the correct [mandatory] value" name="help for Expand-PsCommandInfo.- Help for parameter 'PsCommandInfo'.has the correct [mandatory] value" time="0.0038" asserts="0" success="True" result="Success" executed="True" />
                  <test-case description="has the correct parameter type" name="help for Expand-PsCommandInfo.- Help for parameter 'PsCommandInfo'.has the correct parameter type" time="0.0043" asserts="0" success="True" result="Success" executed="True" />
                </results>
              </test-suite>
              <test-suite type="TestFixture" name="help for Expand-PsCommandInfo.- Help for parameter 'TodaysHostname'" executed="True" result="Success" success="True" time="0.1588" asserts="0" description="help for Expand-PsCommandInfo.- Help for parameter 'TodaysHostname'">
                <results>
                  <test-case description="has a description" name="help for Expand-PsCommandInfo.- Help for parameter 'TodaysHostname'.has a description" time="0.0041" asserts="0" success="True" result="Success" executed="True" />
                  <test-case description="has the correct [mandatory] value" name="help for Expand-PsCommandInfo.- Help for parameter 'TodaysHostname'.has the correct [mandatory] value" time="0.0079" asserts="0" success="True" result="Success" executed="True" />
                  <test-case description="has the correct parameter type" name="help for Expand-PsCommandInfo.- Help for parameter 'TodaysHostname'.has the correct parameter type" time="0.0054" asserts="0" success="True" result="Success" executed="True" />
                </results>
              </test-suite>
              <test-suite type="TestFixture" name="help for Expand-PsCommandInfo.- Help for parameter 'WhoAmI'" executed="True" result="Success" success="True" time="0.1782" asserts="0" description="help for Expand-PsCommandInfo.- Help for parameter 'WhoAmI'">
                <results>
                  <test-case description="has a description" name="help for Expand-PsCommandInfo.- Help for parameter 'WhoAmI'.has a description" time="0.004" asserts="0" success="True" result="Success" executed="True" />
                  <test-case description="has the correct [mandatory] value" name="help for Expand-PsCommandInfo.- Help for parameter 'WhoAmI'.has the correct [mandatory] value" time="0.0053" asserts="0" success="True" result="Success" executed="True" />
                  <test-case description="has the correct parameter type" name="help for Expand-PsCommandInfo.- Help for parameter 'WhoAmI'.has the correct parameter type" time="0.0043" asserts="0" success="True" result="Success" executed="True" />
                </results>
              </test-suite>
              <test-case description="is not auto-generated" name="help for Expand-PsCommandInfo.is not auto-generated" time="0.0053" asserts="0" success="True" result="Success" executed="True" />
              <test-case description="has a description" name="help for Expand-PsCommandInfo.has a description" time="0.0077" asserts="0" success="False" result="Failure" executed="True">
                <failure>
                  <message>Expected a value, but got $null or empty.</message>
                  <stack-trace>at $commandHelp.Description | Should -Not -BeNullOrEmpty, E:\Owner\Documents\Google Drive\Programs\Scripts\PowerShell\PsRunspace\tests\Help.tests.ps1:75
at &lt;ScriptBlock&gt;, E:\Owner\Documents\Google Drive\Programs\Scripts\PowerShell\PsRunspace\tests\Help.tests.ps1:75</stack-trace>
                </failure>
              </test-case>
              <test-case description="has example code" name="help for Expand-PsCommandInfo.has example code" time="0.0116" asserts="0" success="False" result="Failure" executed="True">
                <failure>
                  <message>Expected a value, but got $null or empty.</message>
                  <stack-trace>at ($commandHelp.Examples.Example | Select-Object -First 1).Code | Should -Not -BeNullOrEmpty, E:\Owner\Documents\Google Drive\Programs\Scripts\PowerShell\PsRunspace\tests\Help.tests.ps1:80
at &lt;ScriptBlock&gt;, E:\Owner\Documents\Google Drive\Programs\Scripts\PowerShell\PsRunspace\tests\Help.tests.ps1:80</stack-trace>
                </failure>
              </test-case>
              <test-case description="has example help" name="help for Expand-PsCommandInfo.has example help" time="0.0164" asserts="0" success="False" result="Failure" executed="True">
                <failure>
                  <message>Expected a value, but got $null or empty.</message>
                  <stack-trace>at ($commandHelp.Examples.Example.Remarks | Select-Object -First 1).Text | Should -Not -BeNullOrEmpty, E:\Owner\Documents\Google Drive\Programs\Scripts\PowerShell\PsRunspace\tests\Help.tests.ps1:85
at &lt;ScriptBlock&gt;, E:\Owner\Documents\Google Drive\Programs\Scripts\PowerShell\PsRunspace\tests\Help.tests.ps1:85</stack-trace>
                </failure>
              </test-case>
            </results>
          </test-suite>
          <test-suite type="TestFixture" name="help for Expand-PsToken" executed="True" result="Failure" success="False" time="1.733" asserts="0" description="help for Expand-PsToken">
            <results>
              <test-suite type="TestFixture" name="help for Expand-PsToken.- Help for parameter 'InputObject'" executed="True" result="Success" success="True" time="0.0437" asserts="0" description="help for Expand-PsToken.- Help for parameter 'InputObject'">
                <results>
                  <test-case description="has a description" name="help for Expand-PsToken.- Help for parameter 'InputObject'.has a description" time="0.0037" asserts="0" success="True" result="Success" executed="True" />
                  <test-case description="has the correct [mandatory] value" name="help for Expand-PsToken.- Help for parameter 'InputObject'.has the correct [mandatory] value" time="0.0055" asserts="0" success="True" result="Success" executed="True" />
                  <test-case description="has the correct parameter type" name="help for Expand-PsToken.- Help for parameter 'InputObject'.has the correct parameter type" time="0.0053" asserts="0" success="True" result="Success" executed="True" />
                </results>
              </test-suite>
              <test-suite type="TestFixture" name="help for Expand-PsToken.- Help for parameter 'ProgressAction'" executed="True" result="Failure" success="False" time="0.0876" asserts="0" description="help for Expand-PsToken.- Help for parameter 'ProgressAction'">
                <results>
                  <test-case description="has a description" name="help for Expand-PsToken.- Help for parameter 'ProgressAction'.has a description" time="0.0195" asserts="0" success="False" result="Failure" executed="True">
                    <failure>
                      <message>Expected a value, but got $null or empty.</message>
                      <stack-trace>at $parameterHelp.Description.Text | Should -Not -BeNullOrEmpty, E:\Owner\Documents\Google Drive\Programs\Scripts\PowerShell\PsRunspace\tests\Help.tests.ps1:103
at &lt;ScriptBlock&gt;, E:\Owner\Documents\Google Drive\Programs\Scripts\PowerShell\PsRunspace\tests\Help.tests.ps1:103</stack-trace>
                    </failure>
                  </test-case>
                  <test-case description="has the correct [mandatory] value" name="help for Expand-PsToken.- Help for parameter 'ProgressAction'.has the correct [mandatory] value" time="0.0083" asserts="0" success="False" result="Failure" executed="True">
                    <failure>
                      <message>Expected 'False', but got $null.</message>
                      <stack-trace>at $parameterHelp.Required | Should -Be $codeMandatory, E:\Owner\Documents\Google Drive\Programs\Scripts\PowerShell\PsRunspace\tests\Help.tests.ps1:109
at &lt;ScriptBlock&gt;, E:\Owner\Documents\Google Drive\Programs\Scripts\PowerShell\PsRunspace\tests\Help.tests.ps1:109</stack-trace>
                    </failure>
                  </test-case>
                  <test-case description="has the correct parameter type" name="help for Expand-PsToken.- Help for parameter 'ProgressAction'.has the correct parameter type" time="0.0098" asserts="0" success="False" result="Failure" executed="True">
                    <failure>
                      <message>Expected 'ActionPreference', but got $null.</message>
                      <stack-trace>at $parameterHelpType | Should -Be $parameter.ParameterType.Name, E:\Owner\Documents\Google Drive\Programs\Scripts\PowerShell\PsRunspace\tests\Help.tests.ps1:114
at &lt;ScriptBlock&gt;, E:\Owner\Documents\Google Drive\Programs\Scripts\PowerShell\PsRunspace\tests\Help.tests.ps1:114</stack-trace>
                    </failure>
                  </test-case>
                </results>
              </test-suite>
              <test-case description="is not auto-generated" name="help for Expand-PsToken.is not auto-generated" time="0.0044" asserts="0" success="True" result="Success" executed="True" />
              <test-case description="has a description" name="help for Expand-PsToken.has a description" time="0.0026" asserts="0" success="True" result="Success" executed="True" />
              <test-case description="has example code" name="help for Expand-PsToken.has example code" time="0.0039" asserts="0" success="True" result="Success" executed="True" />
              <test-case description="has example help" name="help for Expand-PsToken.has example help" time="0.0089" asserts="0" success="True" result="Success" executed="True" />
            </results>
          </test-suite>
          <test-suite type="TestFixture" name="help for Get-PsCommandInfo" executed="True" result="Failure" success="False" time="1.9109" asserts="0" description="help for Get-PsCommandInfo">
            <results>
              <test-suite type="TestFixture" name="help for Get-PsCommandInfo.- Help for parameter 'Command'" executed="True" result="Success" success="True" time="0.0507" asserts="0" description="help for Get-PsCommandInfo.- Help for parameter 'Command'">
                <results>
                  <test-case description="has a description" name="help for Get-PsCommandInfo.- Help for parameter 'Command'.has a description" time="0.0045" asserts="0" success="True" result="Success" executed="True" />
                  <test-case description="has the correct [mandatory] value" name="help for Get-PsCommandInfo.- Help for parameter 'Command'.has the correct [mandatory] value" time="0.0053" asserts="0" success="True" result="Success" executed="True" />
                  <test-case description="has the correct parameter type" name="help for Get-PsCommandInfo.- Help for parameter 'Command'.has the correct parameter type" time="0.0046" asserts="0" success="True" result="Success" executed="True" />
                </results>
              </test-suite>
              <test-suite type="TestFixture" name="help for Get-PsCommandInfo.- Help for parameter 'DebugOutputStream'" executed="True" result="Success" success="True" time="0.0768" asserts="0" description="help for Get-PsCommandInfo.- Help for parameter 'DebugOutputStream'">
                <results>
                  <test-case description="has a description" name="help for Get-PsCommandInfo.- Help for parameter 'DebugOutputStream'.has a description" time="0.0046" asserts="0" success="True" result="Success" executed="True" />
                  <test-case description="has the correct [mandatory] value" name="help for Get-PsCommandInfo.- Help for parameter 'DebugOutputStream'.has the correct [mandatory] value" time="0.0066" asserts="0" success="True" result="Success" executed="True" />
                  <test-case description="has the correct parameter type" name="help for Get-PsCommandInfo.- Help for parameter 'DebugOutputStream'.has the correct parameter type" time="0.0037" asserts="0" success="True" result="Success" executed="True" />
                </results>
              </test-suite>
              <test-suite type="TestFixture" name="help for Get-PsCommandInfo.- Help for parameter 'LogBuffer'" executed="True" result="Success" success="True" time="0.1066" asserts="0" description="help for Get-PsCommandInfo.- Help for parameter 'LogBuffer'">
                <results>
                  <test-case description="has a description" name="help for Get-PsCommandInfo.- Help for parameter 'LogBuffer'.has a description" time="0.0106" asserts="0" success="True" result="Success" executed="True" />
                  <test-case description="has the correct [mandatory] value" name="help for Get-PsCommandInfo.- Help for parameter 'LogBuffer'.has the correct [mandatory] value" time="0.0046" asserts="0" success="True" result="Success" executed="True" />
                  <test-case description="has the correct parameter type" name="help for Get-PsCommandInfo.- Help for parameter 'LogBuffer'.has the correct parameter type" time="0.0036" asserts="0" success="True" result="Success" executed="True" />
                </results>
              </test-suite>
              <test-suite type="TestFixture" name="help for Get-PsCommandInfo.- Help for parameter 'TodaysHostname'" executed="True" result="Success" success="True" time="0.1299" asserts="0" description="help for Get-PsCommandInfo.- Help for parameter 'TodaysHostname'">
                <results>
                  <test-case description="has a description" name="help for Get-PsCommandInfo.- Help for parameter 'TodaysHostname'.has a description" time="0.0046" asserts="0" success="True" result="Success" executed="True" />
                  <test-case description="has the correct [mandatory] value" name="help for Get-PsCommandInfo.- Help for parameter 'TodaysHostname'.has the correct [mandatory] value" time="0.0048" asserts="0" success="True" result="Success" executed="True" />
                  <test-case description="has the correct parameter type" name="help for Get-PsCommandInfo.- Help for parameter 'TodaysHostname'.has the correct parameter type" time="0.0039" asserts="0" success="True" result="Success" executed="True" />
                </results>
              </test-suite>
              <test-suite type="TestFixture" name="help for Get-PsCommandInfo.- Help for parameter 'WhoAmI'" executed="True" result="Success" success="True" time="0.1564" asserts="0" description="help for Get-PsCommandInfo.- Help for parameter 'WhoAmI'">
                <results>
                  <test-case description="has a description" name="help for Get-PsCommandInfo.- Help for parameter 'WhoAmI'.has a description" time="0.0049" asserts="0" success="True" result="Success" executed="True" />
                  <test-case description="has the correct [mandatory] value" name="help for Get-PsCommandInfo.- Help for parameter 'WhoAmI'.has the correct [mandatory] value" time="0.0044" asserts="0" success="True" result="Success" executed="True" />
                  <test-case description="has the correct parameter type" name="help for Get-PsCommandInfo.- Help for parameter 'WhoAmI'.has the correct parameter type" time="0.0075" asserts="0" success="True" result="Success" executed="True" />
                </results>
              </test-suite>
              <test-case description="is not auto-generated" name="help for Get-PsCommandInfo.is not auto-generated" time="0.0057" asserts="0" success="True" result="Success" executed="True" />
              <test-case description="has a description" name="help for Get-PsCommandInfo.has a description" time="0.004" asserts="0" success="True" result="Success" executed="True" />
              <test-case description="has example code" name="help for Get-PsCommandInfo.has example code" time="0.0029" asserts="0" success="True" result="Success" executed="True" />
              <test-case description="has example help" name="help for Get-PsCommandInfo.has example help" time="0.0139" asserts="0" success="False" result="Failure" executed="True">
                <failure>
                  <message>Expected a value, but got $null or empty.</message>
                  <stack-trace>at ($commandHelp.Examples.Example.Remarks | Select-Object -First 1).Text | Should -Not -BeNullOrEmpty, E:\Owner\Documents\Google Drive\Programs\Scripts\PowerShell\PsRunspace\tests\Help.tests.ps1:85
at &lt;ScriptBlock&gt;, E:\Owner\Documents\Google Drive\Programs\Scripts\PowerShell\PsRunspace\tests\Help.tests.ps1:85</stack-trace>
                </failure>
              </test-case>
            </results>
          </test-suite>
          <test-suite type="TestFixture" name="help for Open-Thread" executed="True" result="Failure" success="False" time="2.2928" asserts="0" description="help for Open-Thread">
            <results>
              <test-suite type="TestFixture" name="help for Open-Thread.- Help for parameter 'AddParam'" executed="True" result="Success" success="True" time="0.0521" asserts="0" description="help for Open-Thread.- Help for parameter 'AddParam'">
                <results>
                  <test-case description="has a description" name="help for Open-Thread.- Help for parameter 'AddParam'.has a description" time="0.0093" asserts="0" success="True" result="Success" executed="True" />
                  <test-case description="has the correct [mandatory] value" name="help for Open-Thread.- Help for parameter 'AddParam'.has the correct [mandatory] value" time="0.0029" asserts="0" success="True" result="Success" executed="True" />
                  <test-case description="has the correct parameter type" name="help for Open-Thread.- Help for parameter 'AddParam'.has the correct parameter type" time="0.0027" asserts="0" success="True" result="Success" executed="True" />
                </results>
              </test-suite>
              <test-suite type="TestFixture" name="help for Open-Thread.- Help for parameter 'AddSwitch'" executed="True" result="Success" success="True" time="0.0774" asserts="0" description="help for Open-Thread.- Help for parameter 'AddSwitch'">
                <results>
                  <test-case description="has a description" name="help for Open-Thread.- Help for parameter 'AddSwitch'.has a description" time="0.0048" asserts="0" success="True" result="Success" executed="True" />
                  <test-case description="has the correct [mandatory] value" name="help for Open-Thread.- Help for parameter 'AddSwitch'.has the correct [mandatory] value" time="0.0042" asserts="0" success="True" result="Success" executed="True" />
                  <test-case description="has the correct parameter type" name="help for Open-Thread.- Help for parameter 'AddSwitch'.has the correct parameter type" time="0.0069" asserts="0" success="True" result="Success" executed="True" />
                </results>
              </test-suite>
              <test-suite type="TestFixture" name="help for Open-Thread.- Help for parameter 'Command'" executed="True" result="Success" success="True" time="0.098" asserts="0" description="help for Open-Thread.- Help for parameter 'Command'">
                <results>
                  <test-case description="has a description" name="help for Open-Thread.- Help for parameter 'Command'.has a description" time="0.0064" asserts="0" success="True" result="Success" executed="True" />
                  <test-case description="has the correct [mandatory] value" name="help for Open-Thread.- Help for parameter 'Command'.has the correct [mandatory] value" time="0.0042" asserts="0" success="True" result="Success" executed="True" />
                  <test-case description="has the correct parameter type" name="help for Open-Thread.- Help for parameter 'Command'.has the correct parameter type" time="0.0035" asserts="0" success="True" result="Success" executed="True" />
                </results>
              </test-suite>
              <test-suite type="TestFixture" name="help for Open-Thread.- Help for parameter 'CommandInfo'" executed="True" result="Success" success="True" time="0.1219" asserts="0" description="help for Open-Thread.- Help for parameter 'CommandInfo'">
                <results>
                  <test-case description="has a description" name="help for Open-Thread.- Help for parameter 'CommandInfo'.has a description" time="0.0088" asserts="0" success="True" result="Success" executed="True" />
                  <test-case description="has the correct [mandatory] value" name="help for Open-Thread.- Help for parameter 'CommandInfo'.has the correct [mandatory] value" time="0.0036" asserts="0" success="True" result="Success" executed="True" />
                  <test-case description="has the correct parameter type" name="help for Open-Thread.- Help for parameter 'CommandInfo'.has the correct parameter type" time="0.0032" asserts="0" success="True" result="Success" executed="True" />
                </results>
              </test-suite>
              <test-suite type="TestFixture" name="help for Open-Thread.- Help for parameter 'DebugOutputStream'" executed="True" result="Success" success="True" time="0.1445" asserts="0" description="help for Open-Thread.- Help for parameter 'DebugOutputStream'">
                <results>
                  <test-case description="has a description" name="help for Open-Thread.- Help for parameter 'DebugOutputStream'.has a description" time="0.0041" asserts="0" success="True" result="Success" executed="True" />
                  <test-case description="has the correct [mandatory] value" name="help for Open-Thread.- Help for parameter 'DebugOutputStream'.has the correct [mandatory] value" time="0.003" asserts="0" success="True" result="Success" executed="True" />
                  <test-case description="has the correct parameter type" name="help for Open-Thread.- Help for parameter 'DebugOutputStream'.has the correct parameter type" time="0.0043" asserts="0" success="True" result="Success" executed="True" />
                </results>
              </test-suite>
              <test-suite type="TestFixture" name="help for Open-Thread.- Help for parameter 'InputObject'" executed="True" result="Success" success="True" time="0.1634" asserts="0" description="help for Open-Thread.- Help for parameter 'InputObject'">
                <results>
                  <test-case description="has a description" name="help for Open-Thread.- Help for parameter 'InputObject'.has a description" time="0.0041" asserts="0" success="True" result="Success" executed="True" />
                  <test-case description="has the correct [mandatory] value" name="help for Open-Thread.- Help for parameter 'InputObject'.has the correct [mandatory] value" time="0.0037" asserts="0" success="True" result="Success" executed="True" />
                  <test-case description="has the correct parameter type" name="help for Open-Thread.- Help for parameter 'InputObject'.has the correct parameter type" time="0.005" asserts="0" success="True" result="Success" executed="True" />
                </results>
              </test-suite>
              <test-suite type="TestFixture" name="help for Open-Thread.- Help for parameter 'InputParameter'" executed="True" result="Success" success="True" time="0.1871" asserts="0" description="help for Open-Thread.- Help for parameter 'InputParameter'">
                <results>
                  <test-case description="has a description" name="help for Open-Thread.- Help for parameter 'InputParameter'.has a description" time="0.0053" asserts="0" success="True" result="Success" executed="True" />
[...]
                  <test-case description="has the correct parameter type" name="help for Wait-Thread.- Help for parameter 'SleepTimer'.has the correct parameter type" time="0.0041" asserts="0" success="True" result="Success" executed="True" />
                </results>
              </test-suite>
              <test-suite type="TestFixture" name="help for Wait-Thread.- Help for parameter 'Thread'" executed="True" result="Success" success="True" time="0.2162" asserts="0" description="help for Wait-Thread.- Help for parameter 'Thread'">
                <results>
                  <test-case description="has a description" name="help for Wait-Thread.- Help for parameter 'Thread'.has a description" time="0.0043" asserts="0" success="True" result="Success" executed="True" />
                  <test-case description="has the correct [mandatory] value" name="help for Wait-Thread.- Help for parameter 'Thread'.has the correct [mandatory] value" time="0.003" asserts="0" success="True" result="Success" executed="True" />
                  <test-case description="has the correct parameter type" name="help for Wait-Thread.- Help for parameter 'Thread'.has the correct parameter type" time="0.0087" asserts="0" success="True" result="Success" executed="True" />
                </results>
              </test-suite>
              <test-suite type="TestFixture" name="help for Wait-Thread.- Help for parameter 'Threads'" executed="True" result="Success" success="True" time="0.2335" asserts="0" description="help for Wait-Thread.- Help for parameter 'Threads'">
                <results>
                  <test-case description="has a description" name="help for Wait-Thread.- Help for parameter 'Threads'.has a description" time="0.0047" asserts="0" success="True" result="Success" executed="True" />
                  <test-case description="has the correct [mandatory] value" name="help for Wait-Thread.- Help for parameter 'Threads'.has the correct [mandatory] value" time="0.0043" asserts="0" success="True" result="Success" executed="True" />
                  <test-case description="has the correct parameter type" name="help for Wait-Thread.- Help for parameter 'Threads'.has the correct parameter type" time="0.003" asserts="0" success="True" result="Success" executed="True" />
                </results>
              </test-suite>
              <test-suite type="TestFixture" name="help for Wait-Thread.- Help for parameter 'Timeout'" executed="True" result="Success" success="True" time="0.2548" asserts="0" description="help for Wait-Thread.- Help for parameter 'Timeout'">
                <results>
                  <test-case description="has a description" name="help for Wait-Thread.- Help for parameter 'Timeout'.has a description" time="0.0079" asserts="0" success="True" result="Success" executed="True" />
                  <test-case description="has the correct [mandatory] value" name="help for Wait-Thread.- Help for parameter 'Timeout'.has the correct [mandatory] value" time="0.0042" asserts="0" success="True" result="Success" executed="True" />
                  <test-case description="has the correct parameter type" name="help for Wait-Thread.- Help for parameter 'Timeout'.has the correct parameter type" time="0.0029" asserts="0" success="True" result="Success" executed="True" />
                </results>
              </test-suite>
              <test-suite type="TestFixture" name="help for Wait-Thread.- Help for parameter 'TodaysHostname'" executed="True" result="Success" success="True" time="0.2765" asserts="0" description="help for Wait-Thread.- Help for parameter 'TodaysHostname'">
                <results>
                  <test-case description="has a description" name="help for Wait-Thread.- Help for parameter 'TodaysHostname'.has a description" time="0.0042" asserts="0" success="True" result="Success" executed="True" />
                  <test-case description="has the correct [mandatory] value" name="help for Wait-Thread.- Help for parameter 'TodaysHostname'.has the correct [mandatory] value" time="0.003" asserts="0" success="True" result="Success" executed="True" />
                  <test-case description="has the correct parameter type" name="help for Wait-Thread.- Help for parameter 'TodaysHostname'.has the correct parameter type" time="0.003" asserts="0" success="True" result="Success" executed="True" />
                </results>
              </test-suite>
              <test-suite type="TestFixture" name="help for Wait-Thread.- Help for parameter 'WhoAmI'" executed="True" result="Success" success="True" time="0.2946" asserts="0" description="help for Wait-Thread.- Help for parameter 'WhoAmI'">
                <results>
                  <test-case description="has a description" name="help for Wait-Thread.- Help for parameter 'WhoAmI'.has a description" time="0.0041" asserts="0" success="True" result="Success" executed="True" />
                  <test-case description="has the correct [mandatory] value" name="help for Wait-Thread.- Help for parameter 'WhoAmI'.has the correct [mandatory] value" time="0.003" asserts="0" success="True" result="Success" executed="True" />
                  <test-case description="has the correct parameter type" name="help for Wait-Thread.- Help for parameter 'WhoAmI'.has the correct parameter type" time="0.0042" asserts="0" success="True" result="Success" executed="True" />
                </results>
              </test-suite>
              <test-case description="is not auto-generated" name="help for Wait-Thread.is not auto-generated" time="0.0095" asserts="0" success="True" result="Success" executed="True" />
              <test-case description="has a description" name="help for Wait-Thread.has a description" time="0.0049" asserts="0" success="True" result="Success" executed="True" />
              <test-case description="has example code" name="help for Wait-Thread.has example code" time="0.0088" asserts="0" success="False" result="Failure" executed="True">
                <failure>
                  <message>Expected a value, but got $null or empty.</message>
                  <stack-trace>at ($commandHelp.Examples.Example | Select-Object -First 1).Code | Should -Not -BeNullOrEmpty, E:\Owner\Documents\Google Drive\Programs\Scripts\PowerShell\PsRunspace\tests\Help.tests.ps1:80
at &lt;ScriptBlock&gt;, E:\Owner\Documents\Google Drive\Programs\Scripts\PowerShell\PsRunspace\tests\Help.tests.ps1:80</stack-trace>
                </failure>
              </test-case>
              <test-case description="has example help" name="help for Wait-Thread.has example help" time="0.0093" asserts="0" success="False" result="Failure" executed="True">
                <failure>
                  <message>Expected a value, but got $null or empty.</message>
                  <stack-trace>at ($commandHelp.Examples.Example.Remarks | Select-Object -First 1).Text | Should -Not -BeNullOrEmpty, E:\Owner\Documents\Google Drive\Programs\Scripts\PowerShell\PsRunspace\tests\Help.tests.ps1:85
at &lt;ScriptBlock&gt;, E:\Owner\Documents\Google Drive\Programs\Scripts\PowerShell\PsRunspace\tests\Help.tests.ps1:85</stack-trace>
                </failure>
              </test-case>
            </results>
          </test-suite>
        </results>
      </test-suite>
      <test-suite type="TestFixture" name="E:\Owner\Documents\Google Drive\Programs\Scripts\PowerShell\PsRunspace\tests\Manifest.tests.ps1" executed="True" result="Ignored" success="True" time="0.4939" asserts="0" description="E:\Owner\Documents\Google Drive\Programs\Scripts\PowerShell\PsRunspace\tests\Manifest.tests.ps1">
        <results>
          <test-suite type="TestFixture" name="module manifest 'PsRunspace.psd1'" executed="True" result="Success" success="True" time="0.175" asserts="0" description="module manifest 'PsRunspace.psd1'">
            <results>
              <test-suite type="TestFixture" name="module manifest 'PsRunspace.psd1'.- Validation" executed="True" result="Success" success="True" time="0.1685" asserts="0" description="module manifest 'PsRunspace.psd1'.- Validation">
                <results>
                  <test-case description="is a valid manifest" name="module manifest 'PsRunspace.psd1'.- Validation.is a valid manifest" time="0.0206" asserts="0" success="True" result="Success" executed="True" />
                  <test-case description="has a valid name in the manifest" name="module manifest 'PsRunspace.psd1'.- Validation.has a valid name in the manifest" time="0.0147" asserts="0" success="True" result="Success" executed="True" />
                  <test-case description="has a valid root module" name="module manifest 'PsRunspace.psd1'.- Validation.has a valid root module" time="0.0178" asserts="0" success="True" result="Success" executed="True" />
                  <test-case description="has a valid version" name="module manifest 'PsRunspace.psd1'.- Validation.has a valid version" time="0.0188" asserts="0" success="True" result="Success" executed="True" />
                  <test-case description="has a valid description" name="module manifest 'PsRunspace.psd1'.- Validation.has a valid description" time="0.0171" asserts="0" success="True" result="Success" executed="True" />
                  <test-case description="has a valid author" name="module manifest 'PsRunspace.psd1'.- Validation.has a valid author" time="0.0244" asserts="0" success="True" result="Success" executed="True" />
                  <test-case description="has a valid guid" name="module manifest 'PsRunspace.psd1'.- Validation.has a valid guid" time="0.0317" asserts="0" success="True" result="Success" executed="True" />
                  <test-case description="has a valid copyright" name="module manifest 'PsRunspace.psd1'.- Validation.has a valid copyright" time="0.0177" asserts="0" success="True" result="Success" executed="True" />
                </results>
              </test-suite>
            </results>
          </test-suite>
          <test-suite type="TestFixture" name="Git tagging" executed="True" result="Ignored" success="True" time="0.1949" asserts="0" description="Git tagging">
            <results>
              <test-suite type="TestFixture" name="Git tagging.- Git tag version ''" executed="True" result="Ignored" success="True" time="0.0153" asserts="0" description="Git tagging.- Git tag version ''">
                <results>
                  <test-case description="is a valid version" name="Git tagging.- Git tag version ''.is a valid version" time="0.0071" asserts="0" success="False" result="Ignored" executed="False" />
                  <test-case description="matches the module manifest version" name="Git tagging.- Git tag version ''.matches the module manifest version" time="0.0021" asserts="0" success="False" result="Ignored" executed="False" />
                </results>
              </test-suite>
            </results>
          </test-suite>
        </results>
      </test-suite>
      <test-suite type="TestFixture" name="E:\Owner\Documents\Google Drive\Programs\Scripts\PowerShell\PsRunspace\tests\Metadata.tests.ps1" executed="True" result="Failure" success="False" time="0.349" asserts="0" description="E:\Owner\Documents\Google Drive\Programs\Scripts\PowerShell\PsRunspace\tests\Metadata.tests.ps1">
        <results>
          <test-suite type="TestFixture" name="text files" executed="True" result="Failure" success="False" time="0.0651" asserts="0" description="text files">
            <results>
              <test-suite type="TestFixture" name="text files.- File Encoding" executed="True" result="Success" success="True" time="0.0232" asserts="0" description="text files.- File Encoding">
                <results>
                  <test-case description="do not use Unicode/UTF-16 encoding" name="text files.- File Encoding.do not use Unicode/UTF-16 encoding" time="0.0174" asserts="0" success="True" result="Success" executed="True" />
                </results>
              </test-suite>
              <test-suite type="TestFixture" name="text files.- Indentations" executed="True" result="Failure" success="False" time="0.0506" asserts="0" description="text files.- Indentations">
                <results>
                  <test-case description="do not use tabs for indentations" name="text files.- Indentations.do not use tabs for indentations" time="0.0225" asserts="0" success="False" result="Failure" executed="True">
                    <failure>
                      <message>Expected 0, but got 2.</message>
                      <stack-trace>at $totalTabsCount | Should -Be 0, E:\Owner\Documents\Google Drive\Programs\Scripts\PowerShell\PsRunspace\tests\Metadata.tests.ps1:47
at &lt;ScriptBlock&gt;, E:\Owner\Documents\Google Drive\Programs\Scripts\PowerShell\PsRunspace\tests\Metadata.tests.ps1:47</stack-trace>
                    </failure>
                  </test-case>
                </results>
              </test-suite>
            </results>
          </test-suite>
        </results>
      </test-suite>
      <test-suite type="TestFixture" name="E:\Owner\Documents\Google Drive\Programs\Scripts\PowerShell\PsRunspace\tests\Module.tests.ps1" executed="True" result="Success" success="True" time="0.3097" asserts="0" description="E:\Owner\Documents\Google Drive\Programs\Scripts\PowerShell\PsRunspace\tests\Module.tests.ps1">
        <results>
          <test-suite type="TestFixture" name="PowerShell files in module 'PsRunspace'" executed="True" result="Success" success="True" time="0.1052" asserts="0" description="PowerShell files in module 'PsRunspace'">
            <results>
              <test-suite type="ParameterizedTest" name="PowerShell files in module 'PsRunspace'.'&lt;Script&gt;' can be tokenized by the PowerShell parser without any errors" executed="True" result="Success" success="True" time="0.0967" asserts="0" description="'&lt;Script&gt;' can be tokenized by the PowerShell parser without any errors">
                <results>
                  <test-case description="'E:\Owner\Documents\Google Drive\Programs\Scripts\PowerShell\PsRunspace\dist\1.0.120\PsRunspace\bin\TestCode\TestModule\TestModule.psm1' can be tokenized by the PowerShell parser without any errors" name="PowerShell files in module 'PsRunspace'.'E:\Owner\Documents\Google Drive\Programs\Scripts\PowerShell\PsRunspace\dist\1.0.120\PsRunspace\bin\TestCode\TestModule\TestModule.psm1' can be tokenized by the PowerShell parser without any errors" time="0.0471" asserts="0" success="True" result="Success" executed="True" />
                  <test-case description="'E:\Owner\Documents\Google Drive\Programs\Scripts\PowerShell\PsRunspace\dist\1.0.120\PsRunspace\bin\TestCode\Test-AddScriptCombinedWithAddCommand.ps1' can be tokenized by the PowerShell parser without any errors" name="PowerShell files in module 'PsRunspace'.'E:\Owner\Documents\Google Drive\Programs\Scripts\PowerShell\PsRunspace\dist\1.0.120\PsRunspace\bin\TestCode\Test-AddScriptCombinedWithAddCommand.ps1' can be tokenized by the PowerShell parser without any errors" time="0.0045" asserts="0" success="True" result="Success" executed="True" />
                  <test-case description="'E:\Owner\Documents\Google Drive\Programs\Scripts\PowerShell\PsRunspace\dist\1.0.120\PsRunspace\bin\TestCode\Test-Command.ps1' can be tokenized by the PowerShell parser without any errors" name="PowerShell files in module 'PsRunspace'.'E:\Owner\Documents\Google Drive\Programs\Scripts\PowerShell\PsRunspace\dist\1.0.120\PsRunspace\bin\TestCode\Test-Command.ps1' can be tokenized by the PowerShell parser without any errors" time="0.0057" asserts="0" success="True" result="Success" executed="True" />
                  <test-case description="'E:\Owner\Documents\Google Drive\Programs\Scripts\PowerShell\PsRunspace\dist\1.0.120\PsRunspace\bin\TestCode\Test-MultiThreading.ps1' can be tokenized by the PowerShell parser without any errors" name="PowerShell files in module 'PsRunspace'.'E:\Owner\Documents\Google Drive\Programs\Scripts\PowerShell\PsRunspace\dist\1.0.120\PsRunspace\bin\TestCode\Test-MultiThreading.ps1' can be tokenized by the PowerShell parser without any errors" time="0.0064" asserts="0" success="True" result="Success" executed="True" />
                  <test-case description="'E:\Owner\Documents\Google Drive\Programs\Scripts\PowerShell\PsRunspace\dist\1.0.120\PsRunspace\PsRunspace.psd1' can be tokenized by the PowerShell parser without any errors" name="PowerShell files in module 'PsRunspace'.'E:\Owner\Documents\Google Drive\Programs\Scripts\PowerShell\PsRunspace\dist\1.0.120\PsRunspace\PsRunspace.psd1' can be tokenized by the PowerShell parser without any errors" time="0.0079" asserts="0" success="True" result="Success" executed="True" />
                  <test-case description="'E:\Owner\Documents\Google Drive\Programs\Scripts\PowerShell\PsRunspace\dist\1.0.120\PsRunspace\PsRunspace.psm1' can be tokenized by the PowerShell parser without any errors" name="PowerShell files in module 'PsRunspace'.'E:\Owner\Documents\Google Drive\Programs\Scripts\PowerShell\PsRunspace\dist\1.0.120\PsRunspace\PsRunspace.psm1' can be tokenized by the PowerShell parser without any errors" time="0.0252" asserts="0" success="True" result="Success" executed="True" />
                </results>
              </test-suite>
            </results>
          </test-suite>
          <test-suite type="TestFixture" name="module 'PsRunspace'" executed="True" result="Success" success="True" time="0.1595" asserts="0" description="module 'PsRunspace'">
            <results>
              <test-suite type="ParameterizedTest" name="module 'PsRunspace'.can be imported without any errors" executed="True" result="Success" success="True" time="0.0485" asserts="0" description="can be imported without any errors">
                <results>
                  <test-case description="can be imported without any errors" name="module 'PsRunspace'.can be imported without any errors(&quot;E:\Owner\Documents\Google Drive\Programs\Scripts\PowerShell\PsRunspace\dist\1.0.120\PsRunspace\bin\TestCode\TestModule\TestModule.psm1&quot;)" time="0.0485" asserts="0" success="True" result="Success" executed="True" />
                </results>
              </test-suite>
            </results>
          </test-suite>
        </results>
      </test-suite>
      <test-suite type="TestFixture" name="E:\Owner\Documents\Google Drive\Programs\Scripts\PowerShell\PsRunspace\tests\Project.tests.ps1" executed="True" result="Success" success="True" time="0.2515" asserts="0" description="E:\Owner\Documents\Google Drive\Programs\Scripts\PowerShell\PsRunspace\tests\Project.tests.ps1">
        <results>
          <test-suite type="TestFixture" name="change log" executed="True" result="Success" success="True" time="0.0454" asserts="0" description="change log">
            <results>
              <test-suite type="TestFixture" name="change log.- Version" executed="True" result="Success" success="True" time="0.0404" asserts="0" description="change log.- Version">
                <results>
                  <test-case description="has a valid version" name="change log.- Version.has a valid version" time="0.0181" asserts="0" success="True" result="Success" executed="True" />
                  <test-case description="has the same version as the manifest" name="change log.- Version.has the same version as the manifest" time="0.0167" asserts="0" success="True" result="Success" executed="True" />
                </results>
              </test-suite>
            </results>
          </test-suite>
        </results>
      </test-suite>
    </results>
  </test-suite>
</test-results>